<?xml version="1.0" encoding="UTF-8"?>
<testsuite name="com.dxc.ticket.TicketApplicationTests" time="0.016" tests="1" errors="1" skipped="0" failures="0">
  <properties>
[...]
</properties>
  <testcase name="contextLoads" classname="com.dxc.ticket.TicketApplicationTests" time="0.016">
    <error message="Failed to load ApplicationContext" type="java.lang.IllegalStateException">java.lang.IllegalStateException: Failed to load ApplicationContext
	at org.springframework.test.context.cache.DefaultCacheAwareContextLoaderDelegate.loadContext(DefaultCacheAwareContextLoaderDelegate.java:124)
	at org.springframework.test.context.support.DefaultTestContext.getApplicationContext(DefaultTestContext.java:83)
	at org.springframework.test.context.web.ServletTestExecutionListener.setUpRequestContextIfNecessary(ServletTestExecutionListener.java:189)
	at org.springframework.test.context.web.ServletTestExecutionListener.prepareTestInstance(ServletTestExecutionListener.java:131)
	at org.springframework.test.context.TestContextManager.prepareTestInstance(TestContextManager.java:230)
	at org.springframework.test.context.junit4.SpringJUnit4ClassRunner.createTest(SpringJUnit4ClassRunner.java:228)
	at org.springframework.test.context.junit4.SpringJUnit4ClassRunner$1.runReflectiveCall(SpringJUnit4ClassRunner.java:287)
	at org.junit.internal.runners.model.ReflectiveCallable.run(ReflectiveCallable.java:12)
	at org.springframework.test.context.junit4.SpringJUnit4ClassRunner.methodBlock(SpringJUnit4ClassRunner.java:289)
	at org.springframework.test.context.junit4.SpringJUnit4ClassRunner.runChild(SpringJUnit4ClassRunner.java:247)
	at org.springframework.test.context.junit4.SpringJUnit4ClassRunner.runChild(SpringJUnit4ClassRunner.java:94)
	at org.junit.runners.ParentRunner$3.run(ParentRunner.java:290)
	at org.junit.runners.ParentRunner$1.schedule(ParentRunner.java:71)
	at org.junit.runners.ParentRunner.runChildren(ParentRunner.java:288)
	at org.junit.runners.ParentRunner.access$000(ParentRunner.java:58)
	at org.junit.runners.ParentRunner$2.evaluate(ParentRunner.java:268)
	at org.springframework.test.context.junit4.statements.RunBeforeTestClassCallbacks.evaluate(RunBeforeTestClassCallbacks.java:61)
	at org.springframework.test.context.junit4.statements.RunAfterTestClassCallbacks.evaluate(RunAfterTestClassCallbacks.java:70)
	at org.junit.runners.ParentRunner.run(ParentRunner.java:363)
	at org.springframework.test.context.junit4.SpringJUnit4ClassRunner.run(SpringJUnit4ClassRunner.java:191)
	at org.apache.maven.surefire.junit4.JUnit4Provider.execute(JUnit4Provider.java:283)
	at org.apache.maven.surefire.junit4.JUnit4Provider.executeWithRerun(JUnit4Provider.java:173)
	at org.apache.maven.surefire.junit4.JUnit4Provider.executeTestSet(JUnit4Provider.java:153)
	at org.apache.maven.surefire.junit4.JUnit4Provider.invoke(JUnit4Provider.java:128)
	at org.apache.maven.surefire.booter.ForkedBooter.invokeProviderInSameClassLoader(ForkedBooter.java:203)
	at org.apache.maven.surefire.booter.ForkedBooter.runSuitesInProcess(ForkedBooter.java:155)
	at org.apache.maven.surefire.booter.ForkedBooter.main(ForkedBooter.java:103)
Caused by: org.springframework.beans.factory.BeanCreationException: Error creating bean with name 'entityManagerFactory' defined in class path resource [org/springframework/boot/autoconfigure/orm/jpa/HibernateJpaAutoConfiguration.class]: Invocation of init method failed; nested exception is org.hibernate.service.spi.ServiceException: Unable to create requested service [org.hibernate.engine.jdbc.env.spi.JdbcEnvironment]
	at org.springframework.beans.factory.support.AbstractAutowireCapableBeanFactory.initializeBean(AbstractAutowireCapableBeanFactory.java:1631)
	at org.springframework.beans.factory.support.AbstractAutowireCapableBeanFactory.doCreateBean(AbstractAutowireCapableBeanFactory.java:553)
	at org.springframework.beans.factory.support.AbstractAutowireCapableBeanFactory.createBean(AbstractAutowireCapableBeanFactory.java:481)
	at org.springframework.beans.factory.support.AbstractBeanFactory$1.getObject(AbstractBeanFactory.java:312)
	at org.springframework.beans.factory.support.DefaultSingletonBeanRegistry.getSingleton(DefaultSingletonBeanRegistry.java:230)
	at org.springframework.beans.factory.support.AbstractBeanFactory.doGetBean(AbstractBeanFactory.java:308)
	at org.springframework.beans.factory.support.AbstractBeanFactory.getBean(AbstractBeanFactory.java:197)
	at org.springframework.context.support.AbstractApplicationContext.getBean(AbstractApplicationContext.java:1080)
	at org.springframework.context.support.AbstractApplicationContext.finishBeanFactoryInitialization(AbstractApplicationContext.java:857)
	at org.springframework.context.support.AbstractApplicationContext.refresh(AbstractApplicationContext.java:543)
	at org.springframework.boot.SpringApplication.refresh(SpringApplication.java:693)
	at org.springframework.boot.SpringApplication.refreshContext(SpringApplication.java:360)
	at org.springframework.boot.SpringApplication.run(SpringApplication.java:303)
	at org.springframework.boot.test.context.SpringBootContextLoader.loadContext(SpringBootContextLoader.java:121)
	at org.springframework.test.context.cache.DefaultCacheAwareContextLoaderDelegate.loadContextInternal(DefaultCacheAwareContextLoaderDelegate.java:98)
	at org.springframework.test.context.cache.DefaultCacheAwareContextLoaderDelegate.loadContext(DefaultCacheAwareContextLoaderDelegate.java:116)
	at org.springframework.test.context.support.DefaultTestContext.getApplicationContext(DefaultTestContext.java:83)
	at org.springframework.test.context.web.ServletTestExecutionListener.setUpRequestContextIfNecessary(ServletTestExecutionListener.java:189)
	at org.springframework.test.context.web.ServletTestExecutionListener.prepareTestInstance(ServletTestExecutionListener.java:131)
	at org.springframework.test.context.TestContextManager.prepareTestInstance(TestContextManager.java:230)
	at org.springframework.test.context.junit4.SpringJUnit4ClassRunner.createTest(SpringJUnit4ClassRunner.java:228)
	at org.springframework.test.context.junit4.SpringJUnit4ClassRunner$1.runReflectiveCall(SpringJUnit4ClassRunner.java:287)
	at org.junit.internal.runners.model.ReflectiveCallable.run(ReflectiveCallable.java:12)
	at org.springframework.test.context.junit4.SpringJUnit4ClassRunner.methodBlock(SpringJUnit4ClassRunner.java:289)
	at org.springframework.test.context.junit4.SpringJUnit4ClassRunner.runChild(SpringJUnit4ClassRunner.java:247)
	at org.springframework.test.context.junit4.SpringJUnit4ClassRunner.runChild(SpringJUnit4ClassRunner.java:94)
	at org.junit.runners.ParentRunner$3.run(ParentRunner.java:290)
	at org.junit.runners.ParentRunner$1.schedule(ParentRunner.java:71)
	at org.junit.runners.ParentRunner.runChildren(ParentRunner.java:288)
	at org.junit.runners.ParentRunner.access$000(ParentRunner.java:58)
	at org.junit.runners.ParentRunner$2.evaluate(ParentRunner.java:268)
	at org.springframework.test.context.junit4.statements.RunBeforeTestClassCallbacks.evaluate(RunBeforeTestClassCallbacks.java:61)
	at org.springframework.test.context.junit4.statements.RunAfterTestClassCallbacks.evaluate(RunAfterTestClassCallbacks.java:70)
	at org.junit.runners.ParentRunner.run(ParentRunner.java:363)
	at org.springframework.test.context.junit4.SpringJUnit4ClassRunner.run(SpringJUnit4ClassRunner.java:191)
	at org.apache.maven.surefire.junit4.JUnit4Provider.execute(JUnit4Provider.java:283)
	at org.apache.maven.surefire.junit4.JUnit4Provider.executeWithRerun(JUnit4Provider.java:173)
	at org.apache.maven.surefire.junit4.JUnit4Provider.executeTestSet(JUnit4Provider.java:153)
	at org.apache.maven.surefire.junit4.JUnit4Provider.invoke(JUnit4Provider.java:128)
	at org.apache.maven.surefire.booter.ForkedBooter.invokeProviderInSameClassLoader(ForkedBooter.java:203)
	at org.apache.maven.surefire.booter.ForkedBooter.runSuitesInProcess(ForkedBooter.java:155)
	at org.apache.maven.surefire.booter.ForkedBooter.main(ForkedBooter.java:103)
Caused by: org.hibernate.service.spi.ServiceException: Unable to create requested service [org.hibernate.engine.jdbc.env.spi.JdbcEnvironment]
	at org.hibernate.service.internal.AbstractServiceRegistryImpl.createService(AbstractServiceRegistryImpl.java:264)
	at org.hibernate.service.internal.AbstractServiceRegistryImpl.initializeService(AbstractServiceRegistryImpl.java:228)
	at org.hibernate.service.internal.AbstractServiceRegistryImpl.getService(AbstractServiceRegistryImpl.java:207)
	at org.hibernate.engine.jdbc.internal.JdbcServicesImpl.configure(JdbcServicesImpl.java:51)
	at org.hibernate.boot.registry.internal.StandardServiceRegistryImpl.configureService(StandardServiceRegistryImpl.java:94)
	at org.hibernate.service.internal.AbstractServiceRegistryImpl.initializeService(AbstractServiceRegistryImpl.java:237)
	at org.hibernate.service.internal.AbstractServiceRegistryImpl.getService(AbstractServiceRegistryImpl.java:207)
	at org.hibernate.boot.model.process.spi.MetadataBuildingProcess.handleTypes(MetadataBuildingProcess.java:352)
	at org.hibernate.boot.model.process.spi.MetadataBuildingProcess.complete(MetadataBuildingProcess.java:111)
	at org.hibernate.jpa.boot.internal.EntityManagerFactoryBuilderImpl.metadata(EntityManagerFactoryBuilderImpl.java:847)
	at org.hibernate.jpa.boot.internal.EntityManagerFactoryBuilderImpl.build(EntityManagerFactoryBuilderImpl.java:874)
	at org.springframework.orm.jpa.vendor.SpringHibernateJpaPersistenceProvider.createContainerEntityManagerFactory(SpringHibernateJpaPersistenceProvider.java:60)
	at org.springframework.orm.jpa.LocalContainerEntityManagerFactoryBean.createNativeEntityManagerFactory(LocalContainerEntityManagerFactoryBean.java:360)
	at org.springframework.orm.jpa.AbstractEntityManagerFactoryBean.buildNativeEntityManagerFactory(AbstractEntityManagerFactoryBean.java:384)
	at org.springframework.orm.jpa.AbstractEntityManagerFactoryBean.afterPropertiesSet(AbstractEntityManagerFactoryBean.java:371)
	at org.springframework.orm.jpa.LocalContainerEntityManagerFactoryBean.afterPropertiesSet(LocalContainerEntityManagerFactoryBean.java:336)
	at org.springframework.beans.factory.support.AbstractAutowireCapableBeanFactory.invokeInitMethods(AbstractAutowireCapableBeanFactory.java:1689)
	at org.springframework.beans.factory.support.AbstractAutowireCapableBeanFactory.initializeBean(AbstractAutowireCapableBeanFactory.java:1627)
	at org.springframework.beans.factory.support.AbstractAutowireCapableBeanFactory.doCreateBean(AbstractAutowireCapableBeanFactory.java:553)
	at org.springframework.beans.factory.support.AbstractAutowireCapableBeanFactory.createBean(AbstractAutowireCapableBeanFactory.java:481)
	at org.springframework.beans.factory.support.AbstractBeanFactory$1.getObject(AbstractBeanFactory.java:312)
	at org.springframework.beans.factory.support.DefaultSingletonBeanRegistry.getSingleton(DefaultSingletonBeanRegistry.java:230)
	at org.springframework.beans.factory.support.AbstractBeanFactory.doGetBean(AbstractBeanFactory.java:308)
	at org.springframework.beans.factory.support.AbstractBeanFactory.getBean(AbstractBeanFactory.java:197)
	at org.springframework.context.support.AbstractApplicationContext.getBean(AbstractApplicationContext.java:1080)
	at org.springframework.context.support.AbstractApplicationContext.finishBeanFactoryInitialization(AbstractApplicationContext.java:857)
	at org.springframework.context.support.AbstractApplicationContext.refresh(AbstractApplicationContext.java:543)
	at org.springframework.boot.SpringApplication.refresh(SpringApplication.java:693)
	at org.springframework.boot.SpringApplication.refreshContext(SpringApplication.java:360)
	at org.springframework.boot.SpringApplication.run(SpringApplication.java:303)
	at org.springframework.boot.test.context.SpringBootContextLoader.loadContext(SpringBootContextLoader.java:121)
	at org.springframework.test.context.cache.DefaultCacheAwareContextLoaderDelegate.loadContextInternal(DefaultCacheAwareContextLoaderDelegate.java:98)
	at org.springframework.test.context.cache.DefaultCacheAwareContextLoaderDelegate.loadContext(DefaultCacheAwareContextLoaderDelegate.java:116)
	at org.springframework.test.context.support.DefaultTestContext.getApplicationContext(DefaultTestContext.java:83)
	at org.springframework.test.context.web.ServletTestExecutionListener.setUpRequestContextIfNecessary(ServletTestExecutionListener.java:189)
	at org.springframework.test.context.web.ServletTestExecutionListener.prepareTestInstance(ServletTestExecutionListener.java:131)
	at org.springframework.test.context.TestContextManager.prepareTestInstance(TestContextManager.java:230)
	at org.springframework.test.context.junit4.SpringJUnit4ClassRunner.createTest(SpringJUnit4ClassRunner.java:228)
	at org.springframework.test.context.junit4.SpringJUnit4ClassRunner$1.runReflectiveCall(SpringJUnit4ClassRunner.java:287)
	at org.junit.internal.runners.model.ReflectiveCallable.run(ReflectiveCallable.java:12)
	at org.springframework.test.context.junit4.SpringJUnit4ClassRunner.methodBlock(SpringJUnit4ClassRunner.java:289)
	at org.springframework.test.context.junit4.SpringJUnit4ClassRunner.runChild(SpringJUnit4ClassRunner.java:247)
	at org.springframework.test.context.junit4.SpringJUnit4ClassRunner.runChild(SpringJUnit4ClassRunner.java:94)
	at org.junit.runners.ParentRunner$3.run(ParentRunner.java:290)
	at org.junit.runners.ParentRunner$1.schedule(ParentRunner.java:71)
	at org.junit.runners.ParentRunner.runChildren(ParentRunner.java:288)
	at org.junit.runners.ParentRunner.access$000(ParentRunner.java:58)
	at org.junit.runners.ParentRunner$2.evaluate(ParentRunner.java:268)
	at org.springframework.test.context.junit4.statements.RunBeforeTestClassCallbacks.evaluate(RunBeforeTestClassCallbacks.java:61)
	at org.springframework.test.context.junit4.statements.RunAfterTestClassCallbacks.evaluate(RunAfterTestClassCallbacks.java:70)
	at org.junit.runners.ParentRunner.run(ParentRunner.java:363)
	at org.springframework.test.context.junit4.SpringJUnit4ClassRunner.run(SpringJUnit4ClassRunner.java:191)
	at org.apache.maven.surefire.junit4.JUnit4Provider.execute(JUnit4Provider.java:283)
	at org.apache.maven.surefire.junit4.JUnit4Provider.executeWithRerun(JUnit4Provider.java:173)
	at org.apache.maven.surefire.junit4.JUnit4Provider.executeTestSet(JUnit4Provider.java:153)
	at org.apache.maven.surefire.junit4.JUnit4Provider.invoke(JUnit4Provider.java:128)
	at org.apache.maven.surefire.booter.ForkedBooter.invokeProviderInSameClassLoader(ForkedBooter.java:203)
	at org.apache.maven.surefire.booter.ForkedBooter.runSuitesInProcess(ForkedBooter.java:155)
	at org.apache.maven.surefire.booter.ForkedBooter.main(ForkedBooter.java:103)
Caused by: org.hibernate.HibernateException: Access to DialectResolutionInfo cannot be null when 'hibernate.dialect' not set
	at org.hibernate.engine.jdbc.dialect.internal.DialectFactoryImpl.determineDialect(DialectFactoryImpl.java:100)
	at org.hibernate.engine.jdbc.dialect.internal.DialectFactoryImpl.buildDialect(DialectFactoryImpl.java:54)
	at org.hibernate.engine.jdbc.env.internal.JdbcEnvironmentInitiator.initiateService(JdbcEnvironmentInitiator.java:137)
	at org.hibernate.engine.jdbc.env.internal.JdbcEnvironmentInitiator.initiateService(JdbcEnvironmentInitiator.java:35)
	at org.hibernate.boot.registry.internal.StandardServiceRegistryImpl.initiateService(StandardServiceRegistryImpl.java:88)
	at org.hibernate.service.internal.AbstractServiceRegistryImpl.createService(AbstractServiceRegistryImpl.java:254)
	at org.hibernate.service.internal.AbstractServiceRegistryImpl.initializeService(AbstractServiceRegistryImpl.java:228)
	at org.hibernate.service.internal.AbstractServiceRegistryImpl.getService(AbstractServiceRegistryImpl.java:207)
	at org.hibernate.engine.jdbc.internal.JdbcServicesImpl.configure(JdbcServicesImpl.java:51)
	at org.hibernate.boot.registry.internal.StandardServiceRegistryImpl.configureService(StandardServiceRegistryImpl.java:94)
	at org.hibernate.service.internal.AbstractServiceRegistryImpl.initializeService(AbstractServiceRegistryImpl.java:237)
	at org.hibernate.service.internal.AbstractServiceRegistryImpl.getService(AbstractServiceRegistryImpl.java:207)
	at org.hibernate.boot.model.process.spi.MetadataBuildingProcess.handleTypes(MetadataBuildingProcess.java:352)
	at org.hibernate.boot.model.process.spi.MetadataBuildingProcess.complete(MetadataBuildingProcess.java:111)
	at org.hibernate.jpa.boot.internal.EntityManagerFactoryBuilderImpl.metadata(EntityManagerFactoryBuilderImpl.java:847)
	at org.hibernate.jpa.boot.internal.EntityManagerFactoryBuilderImpl.build(EntityManagerFactoryBuilderImpl.java:874)
	at org.springframework.orm.jpa.vendor.SpringHibernateJpaPersistenceProvider.createContainerEntityManagerFactory(SpringHibernateJpaPersistenceProvider.java:60)
	at org.springframework.orm.jpa.LocalContainerEntityManagerFactoryBean.createNativeEntityManagerFactory(LocalContainerEntityManagerFactoryBean.java:360)
	at org.springframework.orm.jpa.AbstractEntityManagerFactoryBean.buildNativeEntityManagerFactory(AbstractEntityManagerFactoryBean.java:384)
	at org.springframework.orm.jpa.AbstractEntityManagerFactoryBean.afterPropertiesSet(AbstractEntityManagerFactoryBean.java:371)
	at org.springframework.orm.jpa.LocalContainerEntityManagerFactoryBean.afterPropertiesSet(LocalContainerEntityManagerFactoryBean.java:336)
	at org.springframework.beans.factory.support.AbstractAutowireCapableBeanFactory.invokeInitMethods(AbstractAutowireCapableBeanFactory.java:1689)
	at org.springframework.beans.factory.support.AbstractAutowireCapableBeanFactory.initializeBean(AbstractAutowireCapableBeanFactory.java:1627)
	at org.springframework.beans.factory.support.AbstractAutowireCapableBeanFactory.doCreateBean(AbstractAutowireCapableBeanFactory.java:553)
	at org.springframework.beans.factory.support.AbstractAutowireCapableBeanFactory.createBean(AbstractAutowireCapableBeanFactory.java:481)
	at org.springframework.beans.factory.support.AbstractBeanFactory$1.getObject(AbstractBeanFactory.java:312)
	at org.springframework.beans.factory.support.DefaultSingletonBeanRegistry.getSingleton(DefaultSingletonBeanRegistry.java:230)
	at org.springframework.beans.factory.support.AbstractBeanFactory.doGetBean(AbstractBeanFactory.java:308)
	at org.springframework.beans.factory.support.AbstractBeanFactory.getBean(AbstractBeanFactory.java:197)
	at org.springframework.context.support.AbstractApplicationContext.getBean(AbstractApplicationContext.java:1080)
	at org.springframework.context.support.AbstractApplicationContext.finishBeanFactoryInitialization(AbstractApplicationContext.java:857)
	at org.springframework.context.support.AbstractApplicationContext.refresh(AbstractApplicationContext.java:543)
	at org.springframework.boot.SpringApplication.refresh(SpringApplication.java:693)
	at org.springframework.boot.SpringApplication.refreshContext(SpringApplication.java:360)
	at org.springframework.boot.SpringApplication.run(SpringApplication.java:303)
	at org.springframework.boot.test.context.SpringBootContextLoader.loadContext(SpringBootContextLoader.java:121)
	at org.springframework.test.context.cache.DefaultCacheAwareContextLoaderDelegate.loadContextInternal(DefaultCacheAwareContextLoaderDelegate.java:98)
	at org.springframework.test.context.cache.DefaultCacheAwareContextLoaderDelegate.loadContext(DefaultCacheAwareContextLoaderDelegate.java:116)
	at org.springframework.test.context.support.DefaultTestContext.getApplicationContext(DefaultTestContext.java:83)
	at org.springframework.test.context.web.ServletTestExecutionListener.setUpRequestContextIfNecessary(ServletTestExecutionListener.java:189)
	at org.springframework.test.context.web.ServletTestExecutionListener.prepareTestInstance(ServletTestExecutionListener.java:131)
	at org.springframework.test.context.TestContextManager.prepareTestInstance(TestContextManager.java:230)
	at org.springframework.test.context.junit4.SpringJUnit4ClassRunner.createTest(SpringJUnit4ClassRunner.java:228)
	at org.springframework.test.context.junit4.SpringJUnit4ClassRunner$1.runReflectiveCall(SpringJUnit4ClassRunner.java:287)
	at org.junit.internal.runners.model.ReflectiveCallable.run(ReflectiveCallable.java:12)
	at org.springframework.test.context.junit4.SpringJUnit4ClassRunner.methodBlock(SpringJUnit4ClassRunner.java:289)
	at org.springframework.test.context.junit4.SpringJUnit4ClassRunner.runChild(SpringJUnit4ClassRunner.java:247)
	at org.springframework.test.context.junit4.SpringJUnit4ClassRunner.runChild(SpringJUnit4ClassRunner.java:94)
	at org.junit.runners.ParentRunner$3.run(ParentRunner.java:290)
	at org.junit.runners.ParentRunner$1.schedule(ParentRunner.java:71)
	at org.junit.runners.ParentRunner.runChildren(ParentRunner.java:288)
	at org.junit.runners.ParentRunner.access$000(ParentRunner.java:58)
	at org.junit.runners.ParentRunner$2.evaluate(ParentRunner.java:268)
	at org.springframework.test.context.junit4.statements.RunBeforeTestClassCallbacks.evaluate(RunBeforeTestClassCallbacks.java:61)
	at org.springframework.test.context.junit4.statements.RunAfterTestClassCallbacks.evaluate(RunAfterTestClassCallbacks.java:70)
	at org.junit.runners.ParentRunner.run(ParentRunner.java:363)
	at org.springframework.test.context.junit4.SpringJUnit4ClassRunner.run(SpringJUnit4ClassRunner.java:191)
	at org.apache.maven.surefire.junit4.JUnit4Provider.execute(JUnit4Provider.java:283)
	at org.apache.maven.surefire.junit4.JUnit4Provider.executeWithRerun(JUnit4Provider.java:173)
	at org.apache.maven.surefire.junit4.JUnit4Provider.executeTestSet(JUnit4Provider.java:153)
	at org.apache.maven.surefire.junit4.JUnit4Provider.invoke(JUnit4Provider.java:128)
	at org.apache.maven.surefire.booter.ForkedBooter.invokeProviderInSameClassLoader(ForkedBooter.java:203)
	at org.apache.maven.surefire.booter.ForkedBooter.runSuitesInProcess(ForkedBooter.java:155)
	at org.apache.maven.surefire.booter.ForkedBooter.main(ForkedBooter.java:103)
</error>
    <system-out><![CDATA[14:28:31.393 [main] DEBUG org.springframework.test.context.junit4.SpringJUnit4ClassRunner - SpringJUnit4ClassRunner constructor called with [class com.dxc.ticket.TicketApplicationTests]
14:28:31.408 [main] DEBUG org.springframework.test.context.BootstrapUtils - Instantiating CacheAwareContextLoaderDelegate from class [org.springframework.test.context.cache.DefaultCacheAwareContextLoaderDelegate]
14:28:31.424 [main] DEBUG org.springframework.test.context.BootstrapUtils - Instantiating BootstrapContext using constructor [public org.springframework.test.context.support.DefaultBootstrapContext(java.lang.Class,org.springframework.test.context.CacheAwareContextLoaderDelegate)]
14:28:31.455 [main] DEBUG org.springframework.test.context.BootstrapUtils - Instantiating TestContextBootstrapper for test class [com.dxc.ticket.TicketApplicationTests] from class [org.springframework.boot.test.context.SpringBootTestContextBootstrapper]
14:28:31.471 [main] INFO org.springframework.boot.test.context.SpringBootTestContextBootstrapper - Neither @ContextConfiguration nor @ContextHierarchy found for test class [com.dxc.ticket.TicketApplicationTests], using SpringBootContextLoader
14:28:31.486 [main] DEBUG org.springframework.test.context.support.AbstractContextLoader - Did not detect default resource location for test class [com.dxc.ticket.TicketApplicationTests]: class path resource [com/dxc/ticket/TicketApplicationTests-context.xml] does not exist
14:28:31.486 [main] DEBUG org.springframework.test.context.support.AbstractContextLoader - Did not detect default resource location for test class [com.dxc.ticket.TicketApplicationTests]: class path resource [com/dxc/ticket/TicketApplicationTestsContext.groovy] does not exist
14:28:31.486 [main] INFO org.springframework.test.context.support.AbstractContextLoader - Could not detect default resource locations for test class [com.dxc.ticket.TicketApplicationTests]: no resource found for suffixes {-context.xml, Context.groovy}.
14:28:31.486 [main] INFO org.springframework.test.context.support.AnnotationConfigContextLoaderUtils - Could not detect default configuration classes for test class [com.dxc.ticket.TicketApplicationTests]: TicketApplicationTests does not declare any static, non-private, non-final, nested classes annotated with @Configuration.
14:28:31.549 [main] DEBUG org.springframework.test.context.support.ActiveProfilesUtils - Could not find an 'annotation declaring class' for annotation type [org.springframework.test.context.ActiveProfiles] and class [com.dxc.ticket.TicketApplicationTests]
14:28:31.580 [main] DEBUG org.springframework.core.env.StandardEnvironment - Adding PropertySource 'systemProperties' with lowest search precedence
14:28:31.580 [main] DEBUG org.springframework.core.env.StandardEnvironment - Adding PropertySource 'systemEnvironment' with lowest search precedence
14:28:31.580 [main] DEBUG org.springframework.core.env.StandardEnvironment - Initialized StandardEnvironment with PropertySources [MapPropertySource@1226622409 {name='systemProperties', properties={java.runtime.name=Java(TM) SE Runtime Environment, sun.boot.library.path=C:\Program Files\Java\jdk1.8.0_191\jre\bin, java.vm.version=25.191-b12, java.vm.vendor=Oracle Corporation, java.vendor.url=http://java.oracle.com/, path.separator=;, java.vm.name=Java HotSpot(TM) 64-Bit Server VM, file.encoding.pkg=sun.io, user.country=US, user.script=, sun.java.launcher=SUN_STANDARD, sun.os.patch.level=, java.vm.specification.name=Java Virtual Machine Specification, user.dir=D:\final project\ticket\ticketdd\ticketmanagement, java.runtime.version=1.8.0_191-b12, basedir=D:\final project\ticket\ticketdd\ticketmanagement, java.awt.graphicsenv=sun.awt.Win32GraphicsEnvironment, java.endorsed.dirs=C:\Program Files\Java\jdk1.8.0_191\jre\lib\endorsed, os.arch=amd64, surefire.real.class.path=D:\final project\ticket\ticketdd\ticketmanagement\target\surefire\surefirebooter3002097312318642066.jar, java.io.tmpdir=C:\Users\HUYNHT~1\AppData\Local\Temp\3\, line.separator=
, java.vm.specification.vendor=Oracle Corporation, user.variant=, os.name=Windows 10, sun.jnu.encoding=Cp1252, java.library.path=C:\Program Files\Java\jdk1.8.0_191\jre\bin;C:\Windows\Sun\Java\bin;C:\Windows\system32;C:\Windows;C:\Program Files (x86)\Common Files\Oracle\Java\javapath;C:\ProgramData\Oracle\Java\javapath;C:\Windows\system32;C:\Windows;C:\Windows\System32\Wbem;C:\Windows\System32\WindowsPowerShell\v1.0\;C:\Program Files (x86)\CheckPoint\Endpoint Security\Endpoint Common\bin;C:\Users\huynhtrungnghia\AppData\Local\Microsoft\WindowsApps;D:\software\apache-maven-3.6.0\bin;C:\Users\huynhtrungnghia\AppData\Local\GitHubDesktop\bin;., surefire.test.class.path=D:\final project\ticket\ticketdd\ticketmanagement\target\test-classes;D:\final project\ticket\ticketdd\ticketmanagement\target\classes;C:\Users\huynhtrungnghia\.m2\repository\org\springframework\boot\spring-boot-starter-data-jpa\1.5.17.RELEASE\spring-boot-starter-data-jpa-1.5.17.RELEASE.jar;C:\Users\huynhtrungnghia\.m2\repository\org\springframework\boot\spring-boot-starter\1.5.17.RELEASE\spring-boot-starter-1.5.17.RELEASE.jar;C:\Users\huynhtrungnghia\.m2\repository\org\springframework\boot\spring-boot\1.5.17.RELEASE\spring-boot-1.5.17.RELEASE.jar;C:\Users\huynhtrungnghia\.m2\repository\org\springframework\boot\spring-boot-autoconfigure\1.5.17.RELEASE\spring-boot-autoconfigure-1.5.17.RELEASE.jar;C:\Users\huynhtrungnghia\.m2\repository\org\springframework\boot\spring-boot-starter-logging\1.5.17.RELEASE\spring-boot-starter-logging-1.5.17.RELEASE.jar;C:\Users\huynhtrungnghia\.m2\repository\ch\qos\logback\logback-classic\1.1.11\logback-classic-1.1.11.jar;C:\Users\huynhtrungnghia\.m2\repository\ch\qos\logback\logback-core\1.1.11\logback-core-1.1.11.jar;C:\Users\huynhtrungnghia\.m2\repository\org\slf4j\jul-to-slf4j\1.7.25\jul-to-slf4j-1.7.25.jar;C:\Users\huynhtrungnghia\.m2\repository\org\slf4j\log4j-over-slf4j\1.7.25\log4j-over-slf4j-1.7.25.jar;C:\Users\huynhtrungnghia\.m2\repository\org\yaml\snakeyaml\1.17\snakeyaml-1.17.jar;C:\Users\huynhtrungnghia\.m2\repository\org\springframework\boot\spring-boot-starter-aop\1.5.17.RELEASE\spring-boot-starter-aop-1.5.17.RELEASE.jar;C:\Users\huynhtrungnghia\.m2\repository\org\springframework\spring-aop\4.3.20.RELEASE\spring-aop-4.3.20.RELEASE.jar;C:\Users\huynhtrungnghia\.m2\repository\org\aspectj\aspectjweaver\1.8.13\aspectjweaver-1.8.13.jar;C:\Users\huynhtrungnghia\.m2\repository\org\springframework\boot\spring-boot-starter-jdbc\1.5.17.RELEASE\spring-boot-starter-jdbc-1.5.17.RELEASE.jar;C:\Users\huynhtrungnghia\.m2\repository\org\apache\tomcat\tomcat-jdbc\8.5.34\tomcat-jdbc-8.5.34.jar;C:\Users\huynhtrungnghia\.m2\repository\org\apache\tomcat\tomcat-juli\8.5.34\tomcat-juli-8.5.34.jar;C:\Users\huynhtrungnghia\.m2\repository\org\springframework\spring-jdbc\4.3.20.RELEASE\spring-jdbc-4.3.20.RELEASE.jar;C:\Users\huynhtrungnghia\.m2\repository\org\hibernate\hibernate-core\5.0.12.Final\hibernate-core-5.0.12.Final.jar;C:\Users\huynhtrungnghia\.m2\repository\org\jboss\logging\jboss-logging\3.3.2.Final\jboss-logging-3.3.2.Final.jar;C:\Users\huynhtrungnghia\.m2\repository\org\hibernate\javax\persistence\hibernate-jpa-2.1-api\1.0.0.Final\hibernate-jpa-2.1-api-1.0.0.Final.jar;C:\Users\huynhtrungnghia\.m2\repository\org\javassist\javassist\3.21.0-GA\javassist-3.21.0-GA.jar;C:\Users\huynhtrungnghia\.m2\repository\antlr\antlr\2.7.7\antlr-2.7.7.jar;C:\Users\huynhtrungnghia\.m2\repository\org\jboss\jandex\2.0.0.Final\jandex-2.0.0.Final.jar;C:\Users\huynhtrungnghia\.m2\repository\dom4j\dom4j\1.6.1\dom4j-1.6.1.jar;C:\Users\huynhtrungnghia\.m2\repository\org\hibernate\common\hibernate-commons-annotations\5.0.1.Final\hibernate-commons-annotations-5.0.1.Final.jar;C:\Users\huynhtrungnghia\.m2\repository\org\hibernate\hibernate-entitymanager\5.0.12.Final\hibernate-entitymanager-5.0.12.Final.jar;C:\Users\huynhtrungnghia\.m2\repository\javax\transaction\javax.transaction-api\1.2\javax.transaction-api-1.2.jar;C:\Users\huynhtrungnghia\.m2\repository\org\springframework\data\spring-data-jpa\1.11.16.RELEASE\spring-data-jpa-1.11.16.RELEASE.jar;C:\Users\huynhtrungnghia\.m2\repository\org\springframework\data\spring-data-commons\1.13.16.RELEASE\spring-data-commons-1.13.16.RELEASE.jar;C:\Users\huynhtrungnghia\.m2\repository\org\springframework\spring-orm\4.3.20.RELEASE\spring-orm-4.3.20.RELEASE.jar;C:\Users\huynhtrungnghia\.m2\repository\org\springframework\spring-context\4.3.20.RELEASE\spring-context-4.3.20.RELEASE.jar;C:\Users\huynhtrungnghia\.m2\repository\org\springframework\spring-tx\4.3.20.RELEASE\spring-tx-4.3.20.RELEASE.jar;C:\Users\huynhtrungnghia\.m2\repository\org\springframework\spring-beans\4.3.20.RELEASE\spring-beans-4.3.20.RELEASE.jar;C:\Users\huynhtrungnghia\.m2\repository\org\slf4j\jcl-over-slf4j\1.7.25\jcl-over-slf4j-1.7.25.jar;C:\Users\huynhtrungnghia\.m2\repository\org\springframework\spring-aspects\4.3.20.RELEASE\spring-aspects-4.3.20.RELEASE.jar;C:\Users\huynhtrungnghia\.m2\repository\org\springframework\boot\spring-boot-starter-web\1.5.17.RELEASE\spring-boot-starter-web-1.5.17.RELEASE.jar;C:\Users\huynhtrungnghia\.m2\repository\org\springframework\boot\spring-boot-starter-tomcat\1.5.17.RELEASE\spring-boot-starter-tomcat-1.5.17.RELEASE.jar;C:\Users\huynhtrungnghia\.m2\repository\org\apache\tomcat\embed\tomcat-embed-core\8.5.34\tomcat-embed-core-8.5.34.jar;C:\Users\huynhtrungnghia\.m2\repository\org\apache\tomcat\tomcat-annotations-api\8.5.34\tomcat-annotations-api-8.5.34.jar;C:\Users\huynhtrungnghia\.m2\repository\org\apache\tomcat\embed\tomcat-embed-el\8.5.34\tomcat-embed-el-8.5.34.jar;C:\Users\huynhtrungnghia\.m2\repository\org\apache\tomcat\embed\tomcat-embed-websocket\8.5.34\tomcat-embed-websocket-8.5.34.jar;C:\Users\huynhtrungnghia\.m2\repository\org\hibernate\hibernate-validator\5.3.6.Final\hibernate-validator-5.3.6.Final.jar;C:\Users\huynhtrungnghia\.m2\repository\javax\validation\validation-api\1.1.0.Final\validation-api-1.1.0.Final.jar;C:\Users\huynhtrungnghia\.m2\repository\com\fasterxml\jackson\core\jackson-databind\2.8.11.2\jackson-databind-2.8.11.2.jar;C:\Users\huynhtrungnghia\.m2\repository\org\springframework\spring-web\4.3.20.RELEASE\spring-web-4.3.20.RELEASE.jar;C:\Users\huynhtrungnghia\.m2\repository\org\springframework\spring-webmvc\4.3.20.RELEASE\spring-webmvc-4.3.20.RELEASE.jar;C:\Users\huynhtrungnghia\.m2\repository\org\springframework\spring-expression\4.3.20.RELEASE\spring-expression-4.3.20.RELEASE.jar;C:\Users\huynhtrungnghia\.m2\repository\mysql\mysql-connector-java\5.1.47\mysql-connector-java-5.1.47.jar;C:\Users\huynhtrungnghia\.m2\repository\org\springframework\boot\spring-boot-starter-test\1.5.17.RELEASE\spring-boot-starter-test-1.5.17.RELEASE.jar;C:\Users\huynhtrungnghia\.m2\repository\org\springframework\boot\spring-boot-test\1.5.17.RELEASE\spring-boot-test-1.5.17.RELEASE.jar;C:\Users\huynhtrungnghia\.m2\repository\org\springframework\boot\spring-boot-test-autoconfigure\1.5.17.RELEASE\spring-boot-test-autoconfigure-1.5.17.RELEASE.jar;C:\Users\huynhtrungnghia\.m2\repository\com\jayway\jsonpath\json-path\2.2.0\json-path-2.2.0.jar;C:\Users\huynhtrungnghia\.m2\repository\net\minidev\json-smart\2.2.1\json-smart-2.2.1.jar;C:\Users\huynhtrungnghia\.m2\repository\net\minidev\accessors-smart\1.1\accessors-smart-1.1.jar;C:\Users\huynhtrungnghia\.m2\repository\org\ow2\asm\asm\5.0.3\asm-5.0.3.jar;C:\Users\huynhtrungnghia\.m2\repository\junit\junit\4.12\junit-4.12.jar;C:\Users\huynhtrungnghia\.m2\repository\org\assertj\assertj-core\2.6.0\assertj-core-2.6.0.jar;C:\Users\huynhtrungnghia\.m2\repository\org\hamcrest\hamcrest-core\1.3\hamcrest-core-1.3.jar;C:\Users\huynhtrungnghia\.m2\repository\org\hamcrest\hamcrest-library\1.3\hamcrest-library-1.3.jar;C:\Users\huynhtrungnghia\.m2\repository\org\skyscreamer\jsonassert\1.4.0\jsonassert-1.4.0.jar;C:\Users\huynhtrungnghia\.m2\repository\com\vaadin\external\google\android-json\0.0.20131108.vaadin1\android-json-0.0.20131108.vaadin1.jar;C:\Users\huynhtrungnghia\.m2\repository\org\springframework\spring-core\4.3.20.RELEASE\spring-core-4.3.20.RELEASE.jar;C:\Users\huynhtrungnghia\.m2\repository\org\springframework\spring-test\4.3.20.RELEASE\spring-test-4.3.20.RELEASE.jar;C:\Users\huynhtrungnghia\.m2\repository\io\swagger\swagger-codegen\2.3.1\swagger-codegen-2.3.1.jar;C:\Users\huynhtrungnghia\.m2\repository\io\swagger\swagger-parser\1.0.33\swagger-parser-1.0.33.jar;C:\Users\huynhtrungnghia\.m2\repository\io\swagger\swagger-compat-spec-parser\1.0.33\swagger-compat-spec-parser-1.0.33.jar;C:\Users\huynhtrungnghia\.m2\repository\com\github\java-json-tools\json-schema-validator\2.2.8\json-schema-validator-2.2.8.jar;C:\Users\huynhtrungnghia\.m2\repository\com\github\java-json-tools\json-schema-core\1.2.8\json-schema-core-1.2.8.jar;C:\Users\huynhtrungnghia\.m2\repository\org\mozilla\rhino\1.7R4\rhino-1.7R4.jar;C:\Users\huynhtrungnghia\.m2\repository\com\github\fge\uri-template\0.9\uri-template-0.9.jar;C:\Users\huynhtrungnghia\.m2\repository\javax\mail\mailapi\1.4.3\mailapi-1.4.3.jar;C:\Users\huynhtrungnghia\.m2\repository\javax\activation\activation\1.1\activation-1.1.jar;C:\Users\huynhtrungnghia\.m2\repository\com\googlecode\libphonenumber\libphonenumber\8.0.0\libphonenumber-8.0.0.jar;C:\Users\huynhtrungnghia\.m2\repository\net\sf\jopt-simple\jopt-simple\5.0.3\jopt-simple-5.0.3.jar;C:\Users\huynhtrungnghia\.m2\repository\com\github\fge\json-patch\1.6\json-patch-1.6.jar;C:\Users\huynhtrungnghia\.m2\repository\com\github\fge\jackson-coreutils\1.6\jackson-coreutils-1.6.jar;C:\Users\huynhtrungnghia\.m2\repository\com\github\fge\msg-simple\1.1\msg-simple-1.1.jar;C:\Users\huynhtrungnghia\.m2\repository\com\github\fge\btf\1.2\btf-1.2.jar;C:\Users\huynhtrungnghia\.m2\repository\org\apache\httpcomponents\httpclient\4.5.6\httpclient-4.5.6.jar;C:\Users\huynhtrungnghia\.m2\repository\org\apache\httpcomponents\httpcore\4.4.10\httpcore-4.4.10.jar;C:\Users\huynhtrungnghia\.m2\repository\commons-codec\commons-codec\1.10\commons-codec-1.10.jar;C:\Users\huynhtrungnghia\.m2\repository\io\swagger\swagger-core\1.5.17\swagger-core-1.5.17.jar;C:\Users\huynhtrungnghia\.m2\repository\com\fasterxml\jackson\dataformat\jackson-dataformat-yaml\2.8.11\jackson-dataformat-yaml-2.8.11.jar;C:\Users\huynhtrungnghia\.m2\repository\com\samskivert\jmustache\1.13\jmustache-1.13.jar;C:\Users\huynhtrungnghia\.m2\repository\commons-io\commons-io\2.4\commons-io-2.4.jar;C:\Users\huynhtrungnghia\.m2\repository\org\slf4j\slf4j-ext\1.7.25\slf4j-ext-1.7.25.jar;C:\Users\huynhtrungnghia\.m2\repository\org\slf4j\slf4j-api\1.7.25\slf4j-api-1.7.25.jar;C:\Users\huynhtrungnghia\.m2\repository\org\slf4j\slf4j-simple\1.7.25\slf4j-simple-1.7.25.jar;C:\Users\huynhtrungnghia\.m2\repository\org\apache\commons\commons-lang3\3.4\commons-lang3-3.4.jar;C:\Users\huynhtrungnghia\.m2\repository\commons-cli\commons-cli\1.2\commons-cli-1.2.jar;C:\Users\huynhtrungnghia\.m2\repository\com\atlassian\commonmark\commonmark\0.9.0\commonmark-0.9.0.jar;C:\Users\huynhtrungnghia\.m2\repository\io\springfox\springfox-swagger2\2.9.2\springfox-swagger2-2.9.2.jar;C:\Users\huynhtrungnghia\.m2\repository\io\swagger\swagger-annotations\1.5.20\swagger-annotations-1.5.20.jar;C:\Users\huynhtrungnghia\.m2\repository\io\swagger\swagger-models\1.5.20\swagger-models-1.5.20.jar;C:\Users\huynhtrungnghia\.m2\repository\io\springfox\springfox-spi\2.9.2\springfox-spi-2.9.2.jar;C:\Users\huynhtrungnghia\.m2\repository\io\springfox\springfox-core\2.9.2\springfox-core-2.9.2.jar;C:\Users\huynhtrungnghia\.m2\repository\io\springfox\springfox-schema\2.9.2\springfox-schema-2.9.2.jar;C:\Users\huynhtrungnghia\.m2\repository\io\springfox\springfox-swagger-common\2.9.2\springfox-swagger-common-2.9.2.jar;C:\Users\huynhtrungnghia\.m2\repository\io\springfox\springfox-spring-web\2.9.2\springfox-spring-web-2.9.2.jar;C:\Users\huynhtrungnghia\.m2\repository\com\fasterxml\classmate\1.3.4\classmate-1.3.4.jar;C:\Users\huynhtrungnghia\.m2\repository\org\springframework\plugin\spring-plugin-core\1.2.0.RELEASE\spring-plugin-core-1.2.0.RELEASE.jar;C:\Users\huynhtrungnghia\.m2\repository\org\springframework\plugin\spring-plugin-metadata\1.2.0.RELEASE\spring-plugin-metadata-1.2.0.RELEASE.jar;C:\Users\huynhtrungnghia\.m2\repository\org\mapstruct\mapstruct\1.2.0.Final\mapstruct-1.2.0.Final.jar;C:\Users\huynhtrungnghia\.m2\repository\io\springfox\springfox-swagger-ui\2.9.2\springfox-swagger-ui-2.9.2.jar;C:\Users\huynhtrungnghia\.m2\repository\com\fasterxml\jackson\datatype\jackson-datatype-joda\2.8.11\jackson-datatype-joda-2.8.11.jar;C:\Users\huynhtrungnghia\.m2\repository\com\fasterxml\jackson\core\jackson-annotations\2.8.0\jackson-annotations-2.8.0.jar;C:\Users\huynhtrungnghia\.m2\repository\com\fasterxml\jackson\core\jackson-core\2.8.11\jackson-core-2.8.11.jar;C:\Users\huynhtrungnghia\.m2\repository\joda-time\joda-time\2.9.9\joda-time-2.9.9.jar;C:\Users\huynhtrungnghia\.m2\repository\org\mockito\mockito-core\2.23.0\mockito-core-2.23.0.jar;C:\Users\huynhtrungnghia\.m2\repository\net\bytebuddy\byte-buddy\1.9.0\byte-buddy-1.9.0.jar;C:\Users\huynhtrungnghia\.m2\repository\net\bytebuddy\byte-buddy-agent\1.9.0\byte-buddy-agent-1.9.0.jar;C:\Users\huynhtrungnghia\.m2\repository\org\objenesis\objenesis\2.6\objenesis-2.6.jar;C:\Users\huynhtrungnghia\.m2\repository\com\google\guava\guava\27.0-jre\guava-27.0-jre.jar;C:\Users\huynhtrungnghia\.m2\repository\com\google\guava\failureaccess\1.0\failureaccess-1.0.jar;C:\Users\huynhtrungnghia\.m2\repository\com\google\guava\listenablefuture\9999.0-empty-to-avoid-conflict-with-guava\listenablefuture-9999.0-empty-to-avoid-conflict-with-guava.jar;C:\Users\huynhtrungnghia\.m2\repository\com\google\code\findbugs\jsr305\3.0.2\jsr305-3.0.2.jar;C:\Users\huynhtrungnghia\.m2\repository\org\checkerframework\checker-qual\2.5.2\checker-qual-2.5.2.jar;C:\Users\huynhtrungnghia\.m2\repository\com\google\errorprone\error_prone_annotations\2.2.0\error_prone_annotations-2.2.0.jar;C:\Users\huynhtrungnghia\.m2\repository\com\google\j2objc\j2objc-annotations\1.1\j2objc-annotations-1.1.jar;C:\Users\huynhtrungnghia\.m2\repository\org\codehaus\mojo\animal-sniffer-annotations\1.17\animal-sniffer-annotations-1.17.jar;C:\Users\huynhtrungnghia\.m2\repository\org\apache\maven\plugins\maven-surefire-plugin\2.18.1\maven-surefire-plugin-2.18.1.jar;C:\Users\huynhtrungnghia\.m2\repository\org\apache\maven\maven-plugin-api\2.2.1\maven-plugin-api-2.2.1.jar;C:\Users\huynhtrungnghia\.m2\repository\org\apache\maven\surefire\maven-surefire-common\2.18.1\maven-surefire-common-2.18.1.jar;C:\Users\huynhtrungnghia\.m2\repository\org\apache\maven\surefire\surefire-booter\2.18.1\surefire-booter-2.18.1.jar;C:\Users\huynhtrungnghia\.m2\repository\org\apache\maven\maven-artifact\2.2.1\maven-artifact-2.2.1.jar;C:\Users\huynhtrungnghia\.m2\repository\org\codehaus\plexus\plexus-utils\1.5.15\plexus-utils-1.5.15.jar;C:\Users\huynhtrungnghia\.m2\repository\org\apache\maven\maven-plugin-descriptor\2.2.1\maven-plugin-descriptor-2.2.1.jar;C:\Users\huynhtrungnghia\.m2\repository\org\codehaus\plexus\plexus-container-default\1.0-alpha-9-stable-1\plexus-container-default-1.0-alpha-9-stable-1.jar;C:\Users\huynhtrungnghia\.m2\repository\org\apache\maven\maven-project\2.2.1\maven-project-2.2.1.jar;C:\Users\huynhtrungnghia\.m2\repository\org\apache\maven\maven-settings\2.2.1\maven-settings-2.2.1.jar;C:\Users\huynhtrungnghia\.m2\repository\org\apache\maven\maven-profile\2.2.1\maven-profile-2.2.1.jar;C:\Users\huynhtrungnghia\.m2\repository\org\apache\maven\maven-artifact-manager\2.2.1\maven-artifact-manager-2.2.1.jar;C:\Users\huynhtrungnghia\.m2\repository\backport-util-concurrent\backport-util-concurrent\3.1\backport-util-concurrent-3.1.jar;C:\Users\huynhtrungnghia\.m2\repository\org\apache\maven\maven-plugin-registry\2.2.1\maven-plugin-registry-2.2.1.jar;C:\Users\huynhtrungnghia\.m2\repository\org\codehaus\plexus\plexus-interpolation\1.11\plexus-interpolation-1.11.jar;C:\Users\huynhtrungnghia\.m2\repository\org\apache\maven\maven-model\2.2.1\maven-model-2.2.1.jar;C:\Users\huynhtrungnghia\.m2\repository\org\apache\maven\maven-core\2.2.1\maven-core-2.2.1.jar;C:\Users\huynhtrungnghia\.m2\repository\org\apache\maven\maven-plugin-parameter-documenter\2.2.1\maven-plugin-parameter-documenter-2.2.1.jar;C:\Users\huynhtrungnghia\.m2\repository\org\apache\maven\wagon\wagon-http\1.0-beta-6\wagon-http-1.0-beta-6.jar;C:\Users\huynhtrungnghia\.m2\repository\org\apache\maven\wagon\wagon-http-shared\1.0-beta-6\wagon-http-shared-1.0-beta-6.jar;C:\Users\huynhtrungnghia\.m2\repository\nekohtml\xercesMinimal\1.9.6.2\xercesMinimal-1.9.6.2.jar;C:\Users\huynhtrungnghia\.m2\repository\nekohtml\nekohtml\1.9.6.2\nekohtml-1.9.6.2.jar;C:\Users\huynhtrungnghia\.m2\repository\commons-httpclient\commons-httpclient\3.1\commons-httpclient-3.1.jar;C:\Users\huynhtrungnghia\.m2\repository\org\apache\maven\wagon\wagon-webdav-jackrabbit\1.0-beta-6\wagon-webdav-jackrabbit-1.0-beta-6.jar;C:\Users\huynhtrungnghia\.m2\repository\org\apache\jackrabbit\jackrabbit-webdav\1.5.0\jackrabbit-webdav-1.5.0.jar;C:\Users\huynhtrungnghia\.m2\repository\org\apache\jackrabbit\jackrabbit-jcr-commons\1.5.0\jackrabbit-jcr-commons-1.5.0.jar;C:\Users\huynhtrungnghia\.m2\repository\org\slf4j\slf4j-nop\1.7.25\slf4j-nop-1.7.25.jar;C:\Users\huynhtrungnghia\.m2\repository\org\slf4j\slf4j-jdk14\1.7.25\slf4j-jdk14-1.7.25.jar;C:\Users\huynhtrungnghia\.m2\repository\org\apache\maven\reporting\maven-reporting-api\2.2.1\maven-reporting-api-2.2.1.jar;C:\Users\huynhtrungnghia\.m2\repository\org\apache\maven\doxia\doxia-logging-api\1.1\doxia-logging-api-1.1.jar;C:\Users\huynhtrungnghia\.m2\repository\org\apache\maven\wagon\wagon-provider-api\1.0-beta-6\wagon-provider-api-1.0-beta-6.jar;C:\Users\huynhtrungnghia\.m2\repository\org\apache\maven\maven-repository-metadata\2.2.1\maven-repository-metadata-2.2.1.jar;C:\Users\huynhtrungnghia\.m2\repository\org\apache\maven\maven-error-diagnostics\2.2.1\maven-error-diagnostics-2.2.1.jar;C:\Users\huynhtrungnghia\.m2\repository\org\apache\maven\maven-monitor\2.2.1\maven-monitor-2.2.1.jar;C:\Users\huynhtrungnghia\.m2\repository\classworlds\classworlds\1.1\classworlds-1.1.jar;C:\Users\huynhtrungnghia\.m2\repository\org\sonatype\plexus\plexus-sec-dispatcher\1.3\plexus-sec-dispatcher-1.3.jar;C:\Users\huynhtrungnghia\.m2\repository\org\sonatype\plexus\plexus-cipher\1.4\plexus-cipher-1.4.jar;C:\Users\huynhtrungnghia\.m2\repository\org\apache\maven\surefire\surefire-api\2.18.1\surefire-api-2.18.1.jar;C:\Users\huynhtrungnghia\.m2\repository\org\apache\maven\maven-toolchain\2.2.1\maven-toolchain-2.2.1.jar;C:\Users\huynhtrungnghia\.m2\repository\org\apache\maven\plugin-tools\maven-plugin-annotations\3.3\maven-plugin-annotations-3.3.jar;, java.specification.name=Java Platform API Specification, java.class.version=52.0, sun.management.compiler=HotSpot 64-Bit Tiered Compilers, os.version=10.0, user.home=C:\Users\huynhtrungnghia, user.timezone=Asia/Bangkok, java.awt.printerjob=sun.awt.windows.WPrinterJob, file.encoding=Cp1252, java.specification.version=1.8, java.class.path=D:\final project\ticket\ticketdd\ticketmanagement\target\test-classes;D:\final project\ticket\ticketdd\ticketmanagement\target\classes;C:\Users\huynhtrungnghia\.m2\repository\org\springframework\boot\spring-boot-starter-data-jpa\1.5.17.RELEASE\spring-boot-starter-data-jpa-1.5.17.RELEASE.jar;C:\Users\huynhtrungnghia\.m2\repository\org\springframework\boot\spring-boot-starter\1.5.17.RELEASE\spring-boot-starter-1.5.17.RELEASE.jar;C:\Users\huynhtrungnghia\.m2\repository\org\springframework\boot\spring-boot\1.5.17.RELEASE\spring-boot-1.5.17.RELEASE.jar;C:\Users\huynhtrungnghia\.m2\repository\org\springframework\boot\spring-boot-autoconfigure\1.5.17.RELEASE\spring-boot-autoconfigure-1.5.17.RELEASE.jar;C:\Users\huynhtrungnghia\.m2\repository\org\springframework\boot\spring-boot-starter-logging\1.5.17.RELEASE\spring-boot-starter-logging-1.5.17.RELEASE.jar;C:\Users\huynhtrungnghia\.m2\repository\ch\qos\logback\logback-classic\1.1.11\logback-classic-1.1.11.jar;C:\Users\huynhtrungnghia\.m2\repository\ch\qos\logback\logback-core\1.1.11\logback-core-1.1.11.jar;C:\Users\huynhtrungnghia\.m2\repository\org\slf4j\jul-to-slf4j\1.7.25\jul-to-slf4j-1.7.25.jar;C:\Users\huynhtrungnghia\.m2\repository\org\slf4j\log4j-over-slf4j\1.7.25\log4j-over-slf4j-1.7.25.jar;C:\Users\huynhtrungnghia\.m2\repository\org\yaml\snakeyaml\1.17\snakeyaml-1.17.jar;C:\Users\huynhtrungnghia\.m2\repository\org\springframework\boot\spring-boot-starter-aop\1.5.17.RELEASE\spring-boot-starter-aop-1.5.17.RELEASE.jar;C:\Users\huynhtrungnghia\.m2\repository\org\springframework\spring-aop\4.3.20.RELEASE\spring-aop-4.3.20.RELEASE.jar;C:\Users\huynhtrungnghia\.m2\repository\org\aspectj\aspectjweaver\1.8.13\aspectjweaver-1.8.13.jar;C:\Users\huynhtrungnghia\.m2\repository\org\springframework\boot\spring-boot-starter-jdbc\1.5.17.RELEASE\spring-boot-starter-jdbc-1.5.17.RELEASE.jar;C:\Users\huynhtrungnghia\.m2\repository\org\apache\tomcat\tomcat-jdbc\8.5.34\tomcat-jdbc-8.5.34.jar;C:\Users\huynhtrungnghia\.m2\repository\org\apache\tomcat\tomcat-juli\8.5.34\tomcat-juli-8.5.34.jar;C:\Users\huynhtrungnghia\.m2\repository\org\springframework\spring-jdbc\4.3.20.RELEASE\spring-jdbc-4.3.20.RELEASE.jar;C:\Users\huynhtrungnghia\.m2\repository\org\hibernate\hibernate-core\5.0.12.Final\hibernate-core-5.0.12.Final.jar;C:\Users\huynhtrungnghia\.m2\repository\org\jboss\logging\jboss-logging\3.3.2.Final\jboss-logging-3.3.2.Final.jar;C:\Users\huynhtrungnghia\.m2\repository\org\hibernate\javax\persistence\hibernate-jpa-2.1-api\1.0.0.Final\hibernate-jpa-2.1-api-1.0.0.Final.jar;C:\Users\huynhtrungnghia\.m2\repository\org\javassist\javassist\3.21.0-GA\javassist-3.21.0-GA.jar;C:\Users\huynhtrungnghia\.m2\repository\antlr\antlr\2.7.7\antlr-2.7.7.jar;C:\Users\huynhtrungnghia\.m2\repository\org\jboss\jandex\2.0.0.Final\jandex-2.0.0.Final.jar;C:\Users\huynhtrungnghia\.m2\repository\dom4j\dom4j\1.6.1\dom4j-1.6.1.jar;C:\Users\huynhtrungnghia\.m2\repository\org\hibernate\common\hibernate-commons-annotations\5.0.1.Final\hibernate-commons-annotations-5.0.1.Final.jar;C:\Users\huynhtrungnghia\.m2\repository\org\hibernate\hibernate-entitymanager\5.0.12.Final\hibernate-entitymanager-5.0.12.Final.jar;C:\Users\huynhtrungnghia\.m2\repository\javax\transaction\javax.transaction-api\1.2\javax.transaction-api-1.2.jar;C:\Users\huynhtrungnghia\.m2\repository\org\springframework\data\spring-data-jpa\1.11.16.RELEASE\spring-data-jpa-1.11.16.RELEASE.jar;C:\Users\huynhtrungnghia\.m2\repository\org\springframework\data\spring-data-commons\1.13.16.RELEASE\spring-data-commons-1.13.16.RELEASE.jar;C:\Users\huynhtrungnghia\.m2\repository\org\springframework\spring-orm\4.3.20.RELEASE\spring-orm-4.3.20.RELEASE.jar;C:\Users\huynhtrungnghia\.m2\repository\org\springframework\spring-context\4.3.20.RELEASE\spring-context-4.3.20.RELEASE.jar;C:\Users\huynhtrungnghia\.m2\repository\org\springframework\spring-tx\4.3.20.RELEASE\spring-tx-4.3.20.RELEASE.jar;C:\Users\huynhtrungnghia\.m2\repository\org\springframework\spring-beans\4.3.20.RELEASE\spring-beans-4.3.20.RELEASE.jar;C:\Users\huynhtrungnghia\.m2\repository\org\slf4j\jcl-over-slf4j\1.7.25\jcl-over-slf4j-1.7.25.jar;C:\Users\huynhtrungnghia\.m2\repository\org\springframework\spring-aspects\4.3.20.RELEASE\spring-aspects-4.3.20.RELEASE.jar;C:\Users\huynhtrungnghia\.m2\repository\org\springframework\boot\spring-boot-starter-web\1.5.17.RELEASE\spring-boot-starter-web-1.5.17.RELEASE.jar;C:\Users\huynhtrungnghia\.m2\repository\org\springframework\boot\spring-boot-starter-tomcat\1.5.17.RELEASE\spring-boot-starter-tomcat-1.5.17.RELEASE.jar;C:\Users\huynhtrungnghia\.m2\repository\org\apache\tomcat\embed\tomcat-embed-core\8.5.34\tomcat-embed-core-8.5.34.jar;C:\Users\huynhtrungnghia\.m2\repository\org\apache\tomcat\tomcat-annotations-api\8.5.34\tomcat-annotations-api-8.5.34.jar;C:\Users\huynhtrungnghia\.m2\repository\org\apache\tomcat\embed\tomcat-embed-el\8.5.34\tomcat-embed-el-8.5.34.jar;C:\Users\huynhtrungnghia\.m2\repository\org\apache\tomcat\embed\tomcat-embed-websocket\8.5.34\tomcat-embed-websocket-8.5.34.jar;C:\Users\huynhtrungnghia\.m2\repository\org\hibernate\hibernate-validator\5.3.6.Final\hibernate-validator-5.3.6.Final.jar;C:\Users\huynhtrungnghia\.m2\repository\javax\validation\validation-api\1.1.0.Final\validation-api-1.1.0.Final.jar;C:\Users\huynhtrungnghia\.m2\repository\com\fasterxml\jackson\core\jackson-databind\2.8.11.2\jackson-databind-2.8.11.2.jar;C:\Users\huynhtrungnghia\.m2\repository\org\springframework\spring-web\4.3.20.RELEASE\spring-web-4.3.20.RELEASE.jar;C:\Users\huynhtrungnghia\.m2\repository\org\springframework\spring-webmvc\4.3.20.RELEASE\spring-webmvc-4.3.20.RELEASE.jar;C:\Users\huynhtrungnghia\.m2\repository\org\springframework\spring-expression\4.3.20.RELEASE\spring-expression-4.3.20.RELEASE.jar;C:\Users\huynhtrungnghia\.m2\repository\mysql\mysql-connector-java\5.1.47\mysql-connector-java-5.1.47.jar;C:\Users\huynhtrungnghia\.m2\repository\org\springframework\boot\spring-boot-starter-test\1.5.17.RELEASE\spring-boot-starter-test-1.5.17.RELEASE.jar;C:\Users\huynhtrungnghia\.m2\repository\org\springframework\boot\spring-boot-test\1.5.17.RELEASE\spring-boot-test-1.5.17.RELEASE.jar;C:\Users\huynhtrungnghia\.m2\repository\org\springframework\boot\spring-boot-test-autoconfigure\1.5.17.RELEASE\spring-boot-test-autoconfigure-1.5.17.RELEASE.jar;C:\Users\huynhtrungnghia\.m2\repository\com\jayway\jsonpath\json-path\2.2.0\json-path-2.2.0.jar;C:\Users\huynhtrungnghia\.m2\repository\net\minidev\json-smart\2.2.1\json-smart-2.2.1.jar;C:\Users\huynhtrungnghia\.m2\repository\net\minidev\accessors-smart\1.1\accessors-smart-1.1.jar;C:\Users\huynhtrungnghia\.m2\repository\org\ow2\asm\asm\5.0.3\asm-5.0.3.jar;C:\Users\huynhtrungnghia\.m2\repository\junit\junit\4.12\junit-4.12.jar;C:\Users\huynhtrungnghia\.m2\repository\org\assertj\assertj-core\2.6.0\assertj-core-2.6.0.jar;C:\Users\huynhtrungnghia\.m2\repository\org\hamcrest\hamcrest-core\1.3\hamcrest-core-1.3.jar;C:\Users\huynhtrungnghia\.m2\repository\org\hamcrest\hamcrest-library\1.3\hamcrest-library-1.3.jar;C:\Users\huynhtrungnghia\.m2\repository\org\skyscreamer\jsonassert\1.4.0\jsonassert-1.4.0.jar;C:\Users\huynhtrungnghia\.m2\repository\com\vaadin\external\google\android-json\0.0.20131108.vaadin1\android-json-0.0.20131108.vaadin1.jar;C:\Users\huynhtrungnghia\.m2\repository\org\springframework\spring-core\4.3.20.RELEASE\spring-core-4.3.20.RELEASE.jar;C:\Users\huynhtrungnghia\.m2\repository\org\springframework\spring-test\4.3.20.RELEASE\spring-test-4.3.20.RELEASE.jar;C:\Users\huynhtrungnghia\.m2\repository\io\swagger\swagger-codegen\2.3.1\swagger-codegen-2.3.1.jar;C:\Users\huynhtrungnghia\.m2\repository\io\swagger\swagger-parser\1.0.33\swagger-parser-1.0.33.jar;C:\Users\huynhtrungnghia\.m2\repository\io\swagger\swagger-compat-spec-parser\1.0.33\swagger-compat-spec-parser-1.0.33.jar;C:\Users\huynhtrungnghia\.m2\repository\com\github\java-json-tools\json-schema-validator\2.2.8\json-schema-validator-2.2.8.jar;C:\Users\huynhtrungnghia\.m2\repository\com\github\java-json-tools\json-schema-core\1.2.8\json-schema-core-1.2.8.jar;C:\Users\huynhtrungnghia\.m2\repository\org\mozilla\rhino\1.7R4\rhino-1.7R4.jar;C:\Users\huynhtrungnghia\.m2\repository\com\github\fge\uri-template\0.9\uri-template-0.9.jar;C:\Users\huynhtrungnghia\.m2\repository\javax\mail\mailapi\1.4.3\mailapi-1.4.3.jar;C:\Users\huynhtrungnghia\.m2\repository\javax\activation\activation\1.1\activation-1.1.jar;C:\Users\huynhtrungnghia\.m2\repository\com\googlecode\libphonenumber\libphonenumber\8.0.0\libphonenumber-8.0.0.jar;C:\Users\huynhtrungnghia\.m2\repository\net\sf\jopt-simple\jopt-simple\5.0.3\jopt-simple-5.0.3.jar;C:\Users\huynhtrungnghia\.m2\repository\com\github\fge\json-patch\1.6\json-patch-1.6.jar;C:\Users\huynhtrungnghia\.m2\repository\com\github\fge\jackson-coreutils\1.6\jackson-coreutils-1.6.jar;C:\Users\huynhtrungnghia\.m2\repository\com\github\fge\msg-simple\1.1\msg-simple-1.1.jar;C:\Users\huynhtrungnghia\.m2\repository\com\github\fge\btf\1.2\btf-1.2.jar;C:\Users\huynhtrungnghia\.m2\repository\org\apache\httpcomponents\httpclient\4.5.6\httpclient-4.5.6.jar;C:\Users\huynhtrungnghia\.m2\repository\org\apache\httpcomponents\httpcore\4.4.10\httpcore-4.4.10.jar;C:\Users\huynhtrungnghia\.m2\repository\commons-codec\commons-codec\1.10\commons-codec-1.10.jar;C:\Users\huynhtrungnghia\.m2\repository\io\swagger\swagger-core\1.5.17\swagger-core-1.5.17.jar;C:\Users\huynhtrungnghia\.m2\repository\com\fasterxml\jackson\dataformat\jackson-dataformat-yaml\2.8.11\jackson-dataformat-yaml-2.8.11.jar;C:\Users\huynhtrungnghia\.m2\repository\com\samskivert\jmustache\1.13\jmustache-1.13.jar;C:\Users\huynhtrungnghia\.m2\repository\commons-io\commons-io\2.4\commons-io-2.4.jar;C:\Users\huynhtrungnghia\.m2\repository\org\slf4j\slf4j-ext\1.7.25\slf4j-ext-1.7.25.jar;C:\Users\huynhtrungnghia\.m2\repository\org\slf4j\slf4j-api\1.7.25\slf4j-api-1.7.25.jar;C:\Users\huynhtrungnghia\.m2\repository\org\slf4j\slf4j-simple\1.7.25\slf4j-simple-1.7.25.jar;C:\Users\huynhtrungnghia\.m2\repository\org\apache\commons\commons-lang3\3.4\commons-lang3-3.4.jar;C:\Users\huynhtrungnghia\.m2\repository\commons-cli\commons-cli\1.2\commons-cli-1.2.jar;C:\Users\huynhtrungnghia\.m2\repository\com\atlassian\commonmark\commonmark\0.9.0\commonmark-0.9.0.jar;C:\Users\huynhtrungnghia\.m2\repository\io\springfox\springfox-swagger2\2.9.2\springfox-swagger2-2.9.2.jar;C:\Users\huynhtrungnghia\.m2\repository\io\swagger\swagger-annotations\1.5.20\swagger-annotations-1.5.20.jar;C:\Users\huynhtrungnghia\.m2\repository\io\swagger\swagger-models\1.5.20\swagger-models-1.5.20.jar;C:\Users\huynhtrungnghia\.m2\repository\io\springfox\springfox-spi\2.9.2\springfox-spi-2.9.2.jar;C:\Users\huynhtrungnghia\.m2\repository\io\springfox\springfox-core\2.9.2\springfox-core-2.9.2.jar;C:\Users\huynhtrungnghia\.m2\repository\io\springfox\springfox-schema\2.9.2\springfox-schema-2.9.2.jar;C:\Users\huynhtrungnghia\.m2\repository\io\springfox\springfox-swagger-common\2.9.2\springfox-swagger-common-2.9.2.jar;C:\Users\huynhtrungnghia\.m2\repository\io\springfox\springfox-spring-web\2.9.2\springfox-spring-web-2.9.2.jar;C:\Users\huynhtrungnghia\.m2\repository\com\fasterxml\classmate\1.3.4\classmate-1.3.4.jar;C:\Users\huynhtrungnghia\.m2\repository\org\springframework\plugin\spring-plugin-core\1.2.0.RELEASE\spring-plugin-core-1.2.0.RELEASE.jar;C:\Users\huynhtrungnghia\.m2\repository\org\springframework\plugin\spring-plugin-metadata\1.2.0.RELEASE\spring-plugin-metadata-1.2.0.RELEASE.jar;C:\Users\huynhtrungnghia\.m2\repository\org\mapstruct\mapstruct\1.2.0.Final\mapstruct-1.2.0.Final.jar;C:\Users\huynhtrungnghia\.m2\repository\io\springfox\springfox-swagger-ui\2.9.2\springfox-swagger-ui-2.9.2.jar;C:\Users\huynhtrungnghia\.m2\repository\com\fasterxml\jackson\datatype\jackson-datatype-joda\2.8.11\jackson-datatype-joda-2.8.11.jar;C:\Users\huynhtrungnghia\.m2\repository\com\fasterxml\jackson\core\jackson-annotations\2.8.0\jackson-annotations-2.8.0.jar;C:\Users\huynhtrungnghia\.m2\repository\com\fasterxml\jackson\core\jackson-core\2.8.11\jackson-core-2.8.11.jar;C:\Users\huynhtrungnghia\.m2\repository\joda-time\joda-time\2.9.9\joda-time-2.9.9.jar;C:\Users\huynhtrungnghia\.m2\repository\org\mockito\mockito-core\2.23.0\mockito-core-2.23.0.jar;C:\Users\huynhtrungnghia\.m2\repository\net\bytebuddy\byte-buddy\1.9.0\byte-buddy-1.9.0.jar;C:\Users\huynhtrungnghia\.m2\repository\net\bytebuddy\byte-buddy-agent\1.9.0\byte-buddy-agent-1.9.0.jar;C:\Users\huynhtrungnghia\.m2\repository\org\objenesis\objenesis\2.6\objenesis-2.6.jar;C:\Users\huynhtrungnghia\.m2\repository\com\google\guava\guava\27.0-jre\guava-27.0-jre.jar;C:\Users\huynhtrungnghia\.m2\repository\com\google\guava\failureaccess\1.0\failureaccess-1.0.jar;C:\Users\huynhtrungnghia\.m2\repository\com\google\guava\listenablefuture\9999.0-empty-to-avoid-conflict-with-guava\listenablefuture-9999.0-empty-to-avoid-conflict-with-guava.jar;C:\Users\huynhtrungnghia\.m2\repository\com\google\code\findbugs\jsr305\3.0.2\jsr305-3.0.2.jar;C:\Users\huynhtrungnghia\.m2\repository\org\checkerframework\checker-qual\2.5.2\checker-qual-2.5.2.jar;C:\Users\huynhtrungnghia\.m2\repository\com\google\errorprone\error_prone_annotations\2.2.0\error_prone_annotations-2.2.0.jar;C:\Users\huynhtrungnghia\.m2\repository\com\google\j2objc\j2objc-annotations\1.1\j2objc-annotations-1.1.jar;C:\Users\huynhtrungnghia\.m2\repository\org\codehaus\mojo\animal-sniffer-annotations\1.17\animal-sniffer-annotations-1.17.jar;C:\Users\huynhtrungnghia\.m2\repository\org\apache\maven\plugins\maven-surefire-plugin\2.18.1\maven-surefire-plugin-2.18.1.jar;C:\Users\huynhtrungnghia\.m2\repository\org\apache\maven\maven-plugin-api\2.2.1\maven-plugin-api-2.2.1.jar;C:\Users\huynhtrungnghia\.m2\repository\org\apache\maven\surefire\maven-surefire-common\2.18.1\maven-surefire-common-2.18.1.jar;C:\Users\huynhtrungnghia\.m2\repository\org\apache\maven\surefire\surefire-booter\2.18.1\surefire-booter-2.18.1.jar;C:\Users\huynhtrungnghia\.m2\repository\org\apache\maven\maven-artifact\2.2.1\maven-artifact-2.2.1.jar;C:\Users\huynhtrungnghia\.m2\repository\org\codehaus\plexus\plexus-utils\1.5.15\plexus-utils-1.5.15.jar;C:\Users\huynhtrungnghia\.m2\repository\org\apache\maven\maven-plugin-descriptor\2.2.1\maven-plugin-descriptor-2.2.1.jar;C:\Users\huynhtrungnghia\.m2\repository\org\codehaus\plexus\plexus-container-default\1.0-alpha-9-stable-1\plexus-container-default-1.0-alpha-9-stable-1.jar;C:\Users\huynhtrungnghia\.m2\repository\org\apache\maven\maven-project\2.2.1\maven-project-2.2.1.jar;C:\Users\huynhtrungnghia\.m2\repository\org\apache\maven\maven-settings\2.2.1\maven-settings-2.2.1.jar;C:\Users\huynhtrungnghia\.m2\repository\org\apache\maven\maven-profile\2.2.1\maven-profile-2.2.1.jar;C:\Users\huynhtrungnghia\.m2\repository\org\apache\maven\maven-artifact-manager\2.2.1\maven-artifact-manager-2.2.1.jar;C:\Users\huynhtrungnghia\.m2\repository\backport-util-concurrent\backport-util-concurrent\3.1\backport-util-concurrent-3.1.jar;C:\Users\huynhtrungnghia\.m2\repository\org\apache\maven\maven-plugin-registry\2.2.1\maven-plugin-registry-2.2.1.jar;C:\Users\huynhtrungnghia\.m2\repository\org\codehaus\plexus\plexus-interpolation\1.11\plexus-interpolation-1.11.jar;C:\Users\huynhtrungnghia\.m2\repository\org\apache\maven\maven-model\2.2.1\maven-model-2.2.1.jar;C:\Users\huynhtrungnghia\.m2\repository\org\apache\maven\maven-core\2.2.1\maven-core-2.2.1.jar;C:\Users\huynhtrungnghia\.m2\repository\org\apache\maven\maven-plugin-parameter-documenter\2.2.1\maven-plugin-parameter-documenter-2.2.1.jar;C:\Users\huynhtrungnghia\.m2\repository\org\apache\maven\wagon\wagon-http\1.0-beta-6\wagon-http-1.0-beta-6.jar;C:\Users\huynhtrungnghia\.m2\repository\org\apache\maven\wagon\wagon-http-shared\1.0-beta-6\wagon-http-shared-1.0-beta-6.jar;C:\Users\huynhtrungnghia\.m2\repository\nekohtml\xercesMinimal\1.9.6.2\xercesMinimal-1.9.6.2.jar;C:\Users\huynhtrungnghia\.m2\repository\nekohtml\nekohtml\1.9.6.2\nekohtml-1.9.6.2.jar;C:\Users\huynhtrungnghia\.m2\repository\commons-httpclient\commons-httpclient\3.1\commons-httpclient-3.1.jar;C:\Users\huynhtrungnghia\.m2\repository\org\apache\maven\wagon\wagon-webdav-jackrabbit\1.0-beta-6\wagon-webdav-jackrabbit-1.0-beta-6.jar;C:\Users\huynhtrungnghia\.m2\repository\org\apache\jackrabbit\jackrabbit-webdav\1.5.0\jackrabbit-webdav-1.5.0.jar;C:\Users\huynhtrungnghia\.m2\repository\org\apache\jackrabbit\jackrabbit-jcr-commons\1.5.0\jackrabbit-jcr-commons-1.5.0.jar;C:\Users\huynhtrungnghia\.m2\repository\org\slf4j\slf4j-nop\1.7.25\slf4j-nop-1.7.25.jar;C:\Users\huynhtrungnghia\.m2\repository\org\slf4j\slf4j-jdk14\1.7.25\slf4j-jdk14-1.7.25.jar;C:\Users\huynhtrungnghia\.m2\repository\org\apache\maven\reporting\maven-reporting-api\2.2.1\maven-reporting-api-2.2.1.jar;C:\Users\huynhtrungnghia\.m2\repository\org\apache\maven\doxia\doxia-logging-api\1.1\doxia-logging-api-1.1.jar;C:\Users\huynhtrungnghia\.m2\repository\org\apache\maven\wagon\wagon-provider-api\1.0-beta-6\wagon-provider-api-1.0-beta-6.jar;C:\Users\huynhtrungnghia\.m2\repository\org\apache\maven\maven-repository-metadata\2.2.1\maven-repository-metadata-2.2.1.jar;C:\Users\huynhtrungnghia\.m2\repository\org\apache\maven\maven-error-diagnostics\2.2.1\maven-error-diagnostics-2.2.1.jar;C:\Users\huynhtrungnghia\.m2\repository\org\apache\maven\maven-monitor\2.2.1\maven-monitor-2.2.1.jar;C:\Users\huynhtrungnghia\.m2\repository\classworlds\classworlds\1.1\classworlds-1.1.jar;C:\Users\huynhtrungnghia\.m2\repository\org\sonatype\plexus\plexus-sec-dispatcher\1.3\plexus-sec-dispatcher-1.3.jar;C:\Users\huynhtrungnghia\.m2\repository\org\sonatype\plexus\plexus-cipher\1.4\plexus-cipher-1.4.jar;C:\Users\huynhtrungnghia\.m2\repository\org\apache\maven\surefire\surefire-api\2.18.1\surefire-api-2.18.1.jar;C:\Users\huynhtrungnghia\.m2\repository\org\apache\maven\maven-toolchain\2.2.1\maven-toolchain-2.2.1.jar;C:\Users\huynhtrungnghia\.m2\repository\org\apache\maven\plugin-tools\maven-plugin-annotations\3.3\maven-plugin-annotations-3.3.jar;, user.name=huynhtrungnghia, java.vm.specification.version=1.8, sun.java.command=D:\final project\ticket\ticketdd\ticketmanagement\target\surefire\surefirebooter3002097312318642066.jar D:\final project\ticket\ticketdd\ticketmanagement\target\surefire\surefire6713457481893858911tmp D:\final project\ticket\ticketdd\ticketmanagement\target\surefire\surefire_03987185717947925040tmp, java.home=C:\Program Files\Java\jdk1.8.0_191\jre, sun.arch.data.model=64, user.language=en, java.specification.vendor=Oracle Corporation, awt.toolkit=sun.awt.windows.WToolkit, java.vm.info=mixed mode, java.version=1.8.0_191, java.ext.dirs=C:\Program Files\Java\jdk1.8.0_191\jre\lib\ext;C:\Windows\Sun\Java\lib\ext, sun.boot.class.path=C:\Program Files\Java\jdk1.8.0_191\jre\lib\resources.jar;C:\Program Files\Java\jdk1.8.0_191\jre\lib\rt.jar;C:\Program Files\Java\jdk1.8.0_191\jre\lib\sunrsasign.jar;C:\Program Files\Java\jdk1.8.0_191\jre\lib\jsse.jar;C:\Program Files\Java\jdk1.8.0_191\jre\lib\jce.jar;C:\Program Files\Java\jdk1.8.0_191\jre\lib\charsets.jar;C:\Program Files\Java\jdk1.8.0_191\jre\lib\jfr.jar;C:\Program Files\Java\jdk1.8.0_191\jre\classes, java.vendor=Oracle Corporation, localRepository=C:\Users\huynhtrungnghia\.m2\repository, file.separator=\, java.vendor.url.bug=http://bugreport.sun.com/bugreport/, sun.io.unicode.encoding=UnicodeLittle, sun.cpu.endian=little, sun.desktop=windows, sun.cpu.isalist=amd64}}, SystemEnvironmentPropertySource@1957502751 {name='systemEnvironment', properties={PATH=C:\Program Files (x86)\Common Files\Oracle\Java\javapath;C:\ProgramData\Oracle\Java\javapath;C:\Windows\system32;C:\Windows;C:\Windows\System32\Wbem;C:\Windows\System32\WindowsPowerShell\v1.0\;C:\Program Files (x86)\CheckPoint\Endpoint Security\Endpoint Common\bin;C:\Users\huynhtrungnghia\AppData\Local\Microsoft\WindowsApps;D:\software\apache-maven-3.6.0\bin;C:\Users\huynhtrungnghia\AppData\Local\GitHubDesktop\bin, USERDOMAIN_ROAMINGPROFILE=VDC, PROCESSOR_LEVEL=21, SYSTEMDRIVE=C:, SESSIONNAME=Console, ALLUSERSPROFILE=C:\ProgramData, DADIR=C:\Program Files (x86)\CheckPoint\Endpoint Security\Endpoint Common, PROCESSOR_ARCHITECTURE=AMD64, DEFLOGDIR=C:\ProgramData\McAfee\Endpoint Security\Logs, MAVEN_HOME=D:\software\apache-maven-3.6.0\bin\.., PROGRAMFILES=C:\Program Files, PSMODULEPATH=C:\Program Files\WindowsPowerShell\Modules;C:\Windows\system32\WindowsPowerShell\v1.0\Modules, SOESYSTEMPARTITIONLABEL=CSC SOE, PROGRAMDATA=C:\ProgramData, USERNAME=huynhtrungnghia, USERDNSDOMAIN=VDC.CSC.COM, WDIR=D:\final project\ticket\ticketdd\ticketmanagement, ONEDRIVE=C:\Users\Manager\OneDrive, PATHEXT=.COM;.EXE;.BAT;.CMD;.VBS;.VBE;.JS;.JSE;.WSF;.WSH;.MSC, SOEDATAPARTITION=C:, CLASSWORLDS_JAR="D:\software\apache-maven-3.6.0\bin\..\boot\plexus-classworlds-2.5.2.jar", WINDIR=C:\Windows, HOMEPATH=\Users\huynhtrungnghia, PROCESSOR_IDENTIFIER=AMD64 Family 21 Model 101 Stepping 1, AuthenticAMD, PUBLIC=C:\Users\Public, =::=::\, =EXITCODE=00000001, LOCALAPPDATA=C:\Users\huynhtrungnghia\AppData\Local, COMMONPROGRAMFILES(X86)=C:\Program Files (x86)\Common Files, USERDOMAIN=VDC, LOGONSERVER=\\CSCDC8HCM001, JAVA_HOME=C:\Program Files\Java\jdk1.8.0_191, PROMPT=$P$G, PROGRAMFILES(X86)=C:\Program Files (x86), ERROR_CODE=0, EXEC_DIR=D:\final project\ticket\ticketdd\ticketmanagement, APPDATA=C:\Users\huynhtrungnghia\AppData\Roaming, PROGRAMW6432=C:\Program Files, SYSTEMROOT=C:\Windows, MAVEN_CMD_LINE_ARGS=clean package, OS=Windows_NT, COMMONPROGRAMW6432=C:\Program Files\Common Files, COMPUTERNAME=DXCVIEAI568103, COMMONPROGRAMFILES=C:\Program Files\Common Files, COMSPEC=C:\Windows\system32\cmd.exe, JAVACMD=C:\Program Files\Java\jdk1.8.0_191\bin\java.exe, MAVEN_PROJECTBASEDIR=D:\final project\ticket\ticketdd\ticketmanagement, PROCESSOR_REVISION=6501, CLASSWORLDS_LAUNCHER=org.codehaus.plexus.classworlds.launcher.Launcher, =D:=D:\final project\ticket\ticketdd\ticketmanagement, TEMP=C:\Users\HUYNHT~1\AppData\Local\Temp\3, HOMEDRIVE=C:, USERPROFILE=C:\Users\huynhtrungnghia, TMP=C:\Users\HUYNHT~1\AppData\Local\Temp\3, NUMBER_OF_PROCESSORS=4, JVMCONFIG=\.mvn\jvm.config}}]
14:28:31.627 [main] DEBUG org.springframework.core.io.support.PathMatchingResourcePatternResolver - Resolved classpath location [com/dxc/ticket/] to resources [URL [file:/D:/final%20project/ticket/ticketdd/ticketmanagement/target/test-classes/com/dxc/ticket/], URL [file:/D:/final%20project/ticket/ticketdd/ticketmanagement/target/classes/com/dxc/ticket/]]
14:28:31.627 [main] DEBUG org.springframework.core.io.support.PathMatchingResourcePatternResolver - Looking for matching resources in directory tree [D:\final project\ticket\ticketdd\ticketmanagement\target\test-classes\com\dxc\ticket]
14:28:31.627 [main] DEBUG org.springframework.core.io.support.PathMatchingResourcePatternResolver - Searching directory [D:\final project\ticket\ticketdd\ticketmanagement\target\test-classes\com\dxc\ticket] for files matching pattern [D:/final project/ticket/ticketdd/ticketmanagement/target/test-classes/com/dxc/ticket/*.class]
14:28:31.643 [main] DEBUG org.springframework.core.io.support.PathMatchingResourcePatternResolver - Looking for matching resources in directory tree [D:\final project\ticket\ticketdd\ticketmanagement\target\classes\com\dxc\ticket]
14:28:31.643 [main] DEBUG org.springframework.core.io.support.PathMatchingResourcePatternResolver - Searching directory [D:\final project\ticket\ticketdd\ticketmanagement\target\classes\com\dxc\ticket] for files matching pattern [D:/final project/ticket/ticketdd/ticketmanagement/target/classes/com/dxc/ticket/*.class]
14:28:31.643 [main] DEBUG org.springframework.core.io.support.PathMatchingResourcePatternResolver - Resolved location pattern [classpath*:com/dxc/ticket/*.class] to resources [file [D:\final project\ticket\ticketdd\ticketmanagement\target\test-classes\com\dxc\ticket\TicketApplicationTests.class], file [D:\final project\ticket\ticketdd\ticketmanagement\target\classes\com\dxc\ticket\RFC3339DateFormat.class], file [D:\final project\ticket\ticketdd\ticketmanagement\target\classes\com\dxc\ticket\Swagger2SpringBoot$ExitException.class], file [D:\final project\ticket\ticketdd\ticketmanagement\target\classes\com\dxc\ticket\Swagger2SpringBoot.class]]
14:28:31.754 [main] DEBUG org.springframework.context.annotation.ClassPathScanningCandidateComponentProvider - Identified candidate component class: file [D:\final project\ticket\ticketdd\ticketmanagement\target\classes\com\dxc\ticket\Swagger2SpringBoot.class]
14:28:31.754 [main] INFO org.springframework.boot.test.context.SpringBootTestContextBootstrapper - Found @SpringBootConfiguration com.dxc.ticket.Swagger2SpringBoot for test class com.dxc.ticket.TicketApplicationTests
14:28:31.770 [main] DEBUG org.springframework.boot.test.context.SpringBootTestContextBootstrapper - @TestExecutionListeners is not present for class [com.dxc.ticket.TicketApplicationTests]: using defaults.
14:28:31.785 [main] INFO org.springframework.boot.test.context.SpringBootTestContextBootstrapper - Loaded default TestExecutionListener class names from location [META-INF/spring.factories]: [org.springframework.boot.test.mock.mockito.MockitoTestExecutionListener, org.springframework.boot.test.mock.mockito.ResetMocksTestExecutionListener, org.springframework.boot.test.autoconfigure.restdocs.RestDocsTestExecutionListener, org.springframework.boot.test.autoconfigure.web.client.MockRestServiceServerResetTestExecutionListener, org.springframework.boot.test.autoconfigure.web.servlet.MockMvcPrintOnlyOnFailureTestExecutionListener, org.springframework.boot.test.autoconfigure.web.servlet.WebDriverTestExecutionListener, org.springframework.test.context.web.ServletTestExecutionListener, org.springframework.test.context.support.DirtiesContextBeforeModesTestExecutionListener, org.springframework.test.context.support.DependencyInjectionTestExecutionListener, org.springframework.test.context.support.DirtiesContextTestExecutionListener, org.springframework.test.context.transaction.TransactionalTestExecutionListener, org.springframework.test.context.jdbc.SqlScriptsTestExecutionListener]
14:28:31.816 [main] INFO org.springframework.boot.test.context.SpringBootTestContextBootstrapper - Using TestExecutionListeners: [org.springframework.test.context.web.ServletTestExecutionListener@4ae3c1cd, org.springframework.test.context.support.DirtiesContextBeforeModesTestExecutionListener@29f69090, org.springframework.boot.test.mock.mockito.MockitoTestExecutionListener@568bf312, org.springframework.boot.test.autoconfigure.SpringBootDependencyInjectionTestExecutionListener@ca263c2, org.springframework.test.context.support.DirtiesContextTestExecutionListener@589b3632, org.springframework.test.context.transaction.TransactionalTestExecutionListener@45f45fa1, org.springframework.test.context.jdbc.SqlScriptsTestExecutionListener@4c6e276e, org.springframework.boot.test.mock.mockito.ResetMocksTestExecutionListener@534df152, org.springframework.boot.test.autoconfigure.restdocs.RestDocsTestExecutionListener@52e677af, org.springframework.boot.test.autoconfigure.web.client.MockRestServiceServerResetTestExecutionListener@35083305, org.springframework.boot.test.autoconfigure.web.servlet.MockMvcPrintOnlyOnFailureTestExecutionListener@8e0379d, org.springframework.boot.test.autoconfigure.web.servlet.WebDriverTestExecutionListener@341b80b2]
14:28:31.832 [main] DEBUG org.springframework.test.annotation.ProfileValueUtils - Retrieved @ProfileValueSourceConfiguration [null] for test class [com.dxc.ticket.TicketApplicationTests]
14:28:31.832 [main] DEBUG org.springframework.test.annotation.ProfileValueUtils - Retrieved ProfileValueSource type [class org.springframework.test.annotation.SystemProfileValueSource] for class [com.dxc.ticket.TicketApplicationTests]
14:28:31.832 [main] DEBUG org.springframework.test.context.junit4.SpringJUnit4ClassRunner - SpringJUnit4ClassRunner constructor called with [class com.dxc.ticket.TicketApplicationTests]
14:28:31.832 [main] DEBUG org.springframework.test.context.BootstrapUtils - Instantiating CacheAwareContextLoaderDelegate from class [org.springframework.test.context.cache.DefaultCacheAwareContextLoaderDelegate]
14:28:31.832 [main] DEBUG org.springframework.test.context.BootstrapUtils - Instantiating BootstrapContext using constructor [public org.springframework.test.context.support.DefaultBootstrapContext(java.lang.Class,org.springframework.test.context.CacheAwareContextLoaderDelegate)]
14:28:31.832 [main] DEBUG org.springframework.test.context.BootstrapUtils - Instantiating TestContextBootstrapper for test class [com.dxc.ticket.TicketApplicationTests] from class [org.springframework.boot.test.context.SpringBootTestContextBootstrapper]
14:28:31.832 [main] INFO org.springframework.boot.test.context.SpringBootTestContextBootstrapper - Neither @ContextConfiguration nor @ContextHierarchy found for test class [com.dxc.ticket.TicketApplicationTests], using SpringBootContextLoader
14:28:31.832 [main] DEBUG org.springframework.test.context.support.AbstractContextLoader - Did not detect default resource location for test class [com.dxc.ticket.TicketApplicationTests]: class path resource [com/dxc/ticket/TicketApplicationTests-context.xml] does not exist
14:28:31.832 [main] DEBUG org.springframework.test.context.support.AbstractContextLoader - Did not detect default resource location for test class [com.dxc.ticket.TicketApplicationTests]: class path resource [com/dxc/ticket/TicketApplicationTestsContext.groovy] does not exist
14:28:31.832 [main] INFO org.springframework.test.context.support.AbstractContextLoader - Could not detect default resource locations for test class [com.dxc.ticket.TicketApplicationTests]: no resource found for suffixes {-context.xml, Context.groovy}.
14:28:31.832 [main] INFO org.springframework.test.context.support.AnnotationConfigContextLoaderUtils - Could not detect default configuration classes for test class [com.dxc.ticket.TicketApplicationTests]: TicketApplicationTests does not declare any static, non-private, non-final, nested classes annotated with @Configuration.
14:28:31.848 [main] DEBUG org.springframework.test.context.support.ActiveProfilesUtils - Could not find an 'annotation declaring class' for annotation type [org.springframework.test.context.ActiveProfiles] and class [com.dxc.ticket.TicketApplicationTests]
14:28:31.848 [main] DEBUG org.springframework.core.env.StandardEnvironment - Adding PropertySource 'systemProperties' with lowest search precedence
14:28:31.848 [main] DEBUG org.springframework.core.env.StandardEnvironment - Adding PropertySource 'systemEnvironment' with lowest search precedence
14:28:31.848 [main] DEBUG org.springframework.core.env.StandardEnvironment - Initialized StandardEnvironment with PropertySources [MapPropertySource@351028485 {name='systemProperties', properties={java.runtime.name=Java(TM) SE Runtime Environment, sun.boot.library.path=C:\Program Files\Java\jdk1.8.0_191\jre\bin, java.vm.version=25.191-b12, java.vm.vendor=Oracle Corporation, java.vendor.url=http://java.oracle.com/, path.separator=;, java.vm.name=Java HotSpot(TM) 64-Bit Server VM, file.encoding.pkg=sun.io, user.country=US, user.script=, sun.java.launcher=SUN_STANDARD, sun.os.patch.level=, java.vm.specification.name=Java Virtual Machine Specification, user.dir=D:\final project\ticket\ticketdd\ticketmanagement, java.runtime.version=1.8.0_191-b12, basedir=D:\final project\ticket\ticketdd\ticketmanagement, java.awt.graphicsenv=sun.awt.Win32GraphicsEnvironment, java.endorsed.dirs=C:\Program Files\Java\jdk1.8.0_191\jre\lib\endorsed, os.arch=amd64, surefire.real.class.path=D:\final project\ticket\ticketdd\ticketmanagement\target\surefire\surefirebooter3002097312318642066.jar, java.io.tmpdir=C:\Users\HUYNHT~1\AppData\Local\Temp\3\, line.separator=
, java.vm.specification.vendor=Oracle Corporation, user.variant=, os.name=Windows 10, sun.jnu.encoding=Cp1252, java.library.path=C:\Program Files\Java\jdk1.8.0_191\jre\bin;C:\Windows\Sun\Java\bin;C:\Windows\system32;C:\Windows;C:\Program Files (x86)\Common Files\Oracle\Java\javapath;C:\ProgramData\Oracle\Java\javapath;C:\Windows\system32;C:\Windows;C:\Windows\System32\Wbem;C:\Windows\System32\WindowsPowerShell\v1.0\;C:\Program Files (x86)\CheckPoint\Endpoint Security\Endpoint Common\bin;C:\Users\huynhtrungnghia\AppData\Local\Microsoft\WindowsApps;D:\software\apache-maven-3.6.0\bin;C:\Users\huynhtrungnghia\AppData\Local\GitHubDesktop\bin;., surefire.test.class.path=D:\final project\ticket\ticketdd\ticketmanagement\target\test-classes;D:\final project\ticket\ticketdd\ticketmanagement\target\classes;C:\Users\huynhtrungnghia\.m2\repository\org\springframework\boot\spring-boot-starter-data-jpa\1.5.17.RELEASE\spring-boot-starter-data-jpa-1.5.17.RELEASE.jar;C:\Users\huynhtrungnghia\.m2\repository\org\springframework\boot\spring-boot-starter\1.5.17.RELEASE\spring-boot-starter-1.5.17.RELEASE.jar;C:\Users\huynhtrungnghia\.m2\repository\org\springframework\boot\spring-boot\1.5.17.RELEASE\spring-boot-1.5.17.RELEASE.jar;C:\Users\huynhtrungnghia\.m2\repository\org\springframework\boot\spring-boot-autoconfigure\1.5.17.RELEASE\spring-boot-autoconfigure-1.5.17.RELEASE.jar;C:\Users\huynhtrungnghia\.m2\repository\org\springframework\boot\spring-boot-starter-logging\1.5.17.RELEASE\spring-boot-starter-logging-1.5.17.RELEASE.jar;C:\Users\huynhtrungnghia\.m2\repository\ch\qos\logback\logback-classic\1.1.11\logback-classic-1.1.11.jar;C:\Users\huynhtrungnghia\.m2\repository\ch\qos\logback\logback-core\1.1.11\logback-core-1.1.11.jar;C:\Users\huynhtrungnghia\.m2\repository\org\slf4j\jul-to-slf4j\1.7.25\jul-to-slf4j-1.7.25.jar;C:\Users\huynhtrungnghia\.m2\repository\org\slf4j\log4j-over-slf4j\1.7.25\log4j-over-slf4j-1.7.25.jar;C:\Users\huynhtrungnghia\.m2\repository\org\yaml\snakeyaml\1.17\snakeyaml-1.17.jar;C:\Users\huynhtrungnghia\.m2\repository\org\springframework\boot\spring-boot-starter-aop\1.5.17.RELEASE\spring-boot-starter-aop-1.5.17.RELEASE.jar;C:\Users\huynhtrungnghia\.m2\repository\org\springframework\spring-aop\4.3.20.RELEASE\spring-aop-4.3.20.RELEASE.jar;C:\Users\huynhtrungnghia\.m2\repository\org\aspectj\aspectjweaver\1.8.13\aspectjweaver-1.8.13.jar;C:\Users\huynhtrungnghia\.m2\repository\org\springframework\boot\spring-boot-starter-jdbc\1.5.17.RELEASE\spring-boot-starter-jdbc-1.5.17.RELEASE.jar;C:\Users\huynhtrungnghia\.m2\repository\org\apache\tomcat\tomcat-jdbc\8.5.34\tomcat-jdbc-8.5.34.jar;C:\Users\huynhtrungnghia\.m2\repository\org\apache\tomcat\tomcat-juli\8.5.34\tomcat-juli-8.5.34.jar;C:\Users\huynhtrungnghia\.m2\repository\org\springframework\spring-jdbc\4.3.20.RELEASE\spring-jdbc-4.3.20.RELEASE.jar;C:\Users\huynhtrungnghia\.m2\repository\org\hibernate\hibernate-core\5.0.12.Final\hibernate-core-5.0.12.Final.jar;C:\Users\huynhtrungnghia\.m2\repository\org\jboss\logging\jboss-logging\3.3.2.Final\jboss-logging-3.3.2.Final.jar;C:\Users\huynhtrungnghia\.m2\repository\org\hibernate\javax\persistence\hibernate-jpa-2.1-api\1.0.0.Final\hibernate-jpa-2.1-api-1.0.0.Final.jar;C:\Users\huynhtrungnghia\.m2\repository\org\javassist\javassist\3.21.0-GA\javassist-3.21.0-GA.jar;C:\Users\huynhtrungnghia\.m2\repository\antlr\antlr\2.7.7\antlr-2.7.7.jar;C:\User
[...]
	at org.junit.runners.ParentRunner$1.schedule(ParentRunner.java:71) [junit-4.12.jar:4.12]
	at org.junit.runners.ParentRunner.runChildren(ParentRunner.java:288) [junit-4.12.jar:4.12]
	at org.junit.runners.ParentRunner.access$000(ParentRunner.java:58) [junit-4.12.jar:4.12]
	at org.junit.runners.ParentRunner$2.evaluate(ParentRunner.java:268) [junit-4.12.jar:4.12]
	at org.springframework.test.context.junit4.statements.RunBeforeTestClassCallbacks.evaluate(RunBeforeTestClassCallbacks.java:61) [spring-test-4.3.20.RELEASE.jar:4.3.20.RELEASE]
	at org.springframework.test.context.junit4.statements.RunAfterTestClassCallbacks.evaluate(RunAfterTestClassCallbacks.java:70) [spring-test-4.3.20.RELEASE.jar:4.3.20.RELEASE]
	at org.junit.runners.ParentRunner.run(ParentRunner.java:363) [junit-4.12.jar:4.12]
	at org.springframework.test.context.junit4.SpringJUnit4ClassRunner.run(SpringJUnit4ClassRunner.java:191) [spring-test-4.3.20.RELEASE.jar:4.3.20.RELEASE]
	at org.apache.maven.surefire.junit4.JUnit4Provider.execute(JUnit4Provider.java:283) [surefire-junit4-2.18.1.jar:2.18.1]
	at org.apache.maven.surefire.junit4.JUnit4Provider.executeWithRerun(JUnit4Provider.java:173) [surefire-junit4-2.18.1.jar:2.18.1]
	at org.apache.maven.surefire.junit4.JUnit4Provider.executeTestSet(JUnit4Provider.java:153) [surefire-junit4-2.18.1.jar:2.18.1]
	at org.apache.maven.surefire.junit4.JUnit4Provider.invoke(JUnit4Provider.java:128) [surefire-junit4-2.18.1.jar:2.18.1]
	at org.apache.maven.surefire.booter.ForkedBooter.invokeProviderInSameClassLoader(ForkedBooter.java:203) [surefire-booter-2.18.1.jar:2.18.1]
	at org.apache.maven.surefire.booter.ForkedBooter.runSuitesInProcess(ForkedBooter.java:155) [surefire-booter-2.18.1.jar:2.18.1]
	at org.apache.maven.surefire.booter.ForkedBooter.main(ForkedBooter.java:103) [surefire-booter-2.18.1.jar:2.18.1]
Caused by: org.hibernate.service.spi.ServiceException: Unable to create requested service [org.hibernate.engine.jdbc.env.spi.JdbcEnvironment]
	at org.hibernate.service.internal.AbstractServiceRegistryImpl.createService(AbstractServiceRegistryImpl.java:264) ~[hibernate-core-5.0.12.Final.jar:5.0.12.Final]
	at org.hibernate.service.internal.AbstractServiceRegistryImpl.initializeService(AbstractServiceRegistryImpl.java:228) ~[hibernate-core-5.0.12.Final.jar:5.0.12.Final]
	at org.hibernate.service.internal.AbstractServiceRegistryImpl.getService(AbstractServiceRegistryImpl.java:207) ~[hibernate-core-5.0.12.Final.jar:5.0.12.Final]
	at org.hibernate.engine.jdbc.internal.JdbcServicesImpl.configure(JdbcServicesImpl.java:51) ~[hibernate-core-5.0.12.Final.jar:5.0.12.Final]
	at org.hibernate.boot.registry.internal.StandardServiceRegistryImpl.configureService(StandardServiceRegistryImpl.java:94) ~[hibernate-core-5.0.12.Final.jar:5.0.12.Final]
	at org.hibernate.service.internal.AbstractServiceRegistryImpl.initializeService(AbstractServiceRegistryImpl.java:237) ~[hibernate-core-5.0.12.Final.jar:5.0.12.Final]
	at org.hibernate.service.internal.AbstractServiceRegistryImpl.getService(AbstractServiceRegistryImpl.java:207) ~[hibernate-core-5.0.12.Final.jar:5.0.12.Final]
	at org.hibernate.boot.model.process.spi.MetadataBuildingProcess.handleTypes(MetadataBuildingProcess.java:352) ~[hibernate-core-5.0.12.Final.jar:5.0.12.Final]
	at org.hibernate.boot.model.process.spi.MetadataBuildingProcess.complete(MetadataBuildingProcess.java:111) ~[hibernate-core-5.0.12.Final.jar:5.0.12.Final]
	at org.hibernate.jpa.boot.internal.EntityManagerFactoryBuilderImpl.metadata(EntityManagerFactoryBuilderImpl.java:847) ~[hibernate-entitymanager-5.0.12.Final.jar:5.0.12.Final]
	at org.hibernate.jpa.boot.internal.EntityManagerFactoryBuilderImpl.build(EntityManagerFactoryBuilderImpl.java:874) ~[hibernate-entitymanager-5.0.12.Final.jar:5.0.12.Final]
	at org.springframework.orm.jpa.vendor.SpringHibernateJpaPersistenceProvider.createContainerEntityManagerFactory(SpringHibernateJpaPersistenceProvider.java:60) ~[spring-orm-4.3.20.RELEASE.jar:4.3.20.RELEASE]
	at org.springframework.orm.jpa.LocalContainerEntityManagerFactoryBean.createNativeEntityManagerFactory(LocalContainerEntityManagerFactoryBean.java:360) ~[spring-orm-4.3.20.RELEASE.jar:4.3.20.RELEASE]
	at org.springframework.orm.jpa.AbstractEntityManagerFactoryBean.buildNativeEntityManagerFactory(AbstractEntityManagerFactoryBean.java:384) ~[spring-orm-4.3.20.RELEASE.jar:4.3.20.RELEASE]
	at org.springframework.orm.jpa.AbstractEntityManagerFactoryBean.afterPropertiesSet(AbstractEntityManagerFactoryBean.java:371) ~[spring-orm-4.3.20.RELEASE.jar:4.3.20.RELEASE]
	at org.springframework.orm.jpa.LocalContainerEntityManagerFactoryBean.afterPropertiesSet(LocalContainerEntityManagerFactoryBean.java:336) ~[spring-orm-4.3.20.RELEASE.jar:4.3.20.RELEASE]
	at org.springframework.beans.factory.support.AbstractAutowireCapableBeanFactory.invokeInitMethods(AbstractAutowireCapableBeanFactory.java:1689) ~[spring-beans-4.3.20.RELEASE.jar:4.3.20.RELEASE]
	at org.springframework.beans.factory.support.AbstractAutowireCapableBeanFactory.initializeBean(AbstractAutowireCapableBeanFactory.java:1627) ~[spring-beans-4.3.20.RELEASE.jar:4.3.20.RELEASE]
	... 41 common frames omitted
Caused by: org.hibernate.HibernateException: Access to DialectResolutionInfo cannot be null when 'hibernate.dialect' not set
	at org.hibernate.engine.jdbc.dialect.internal.DialectFactoryImpl.determineDialect(DialectFactoryImpl.java:100) ~[hibernate-core-5.0.12.Final.jar:5.0.12.Final]
	at org.hibernate.engine.jdbc.dialect.internal.DialectFactoryImpl.buildDialect(DialectFactoryImpl.java:54) ~[hibernate-core-5.0.12.Final.jar:5.0.12.Final]
	at org.hibernate.engine.jdbc.env.internal.JdbcEnvironmentInitiator.initiateService(JdbcEnvironmentInitiator.java:137) ~[hibernate-core-5.0.12.Final.jar:5.0.12.Final]
	at org.hibernate.engine.jdbc.env.internal.JdbcEnvironmentInitiator.initiateService(JdbcEnvironmentInitiator.java:35) ~[hibernate-core-5.0.12.Final.jar:5.0.12.Final]
	at org.hibernate.boot.registry.internal.StandardServiceRegistryImpl.initiateService(StandardServiceRegistryImpl.java:88) ~[hibernate-core-5.0.12.Final.jar:5.0.12.Final]
	at org.hibernate.service.internal.AbstractServiceRegistryImpl.createService(AbstractServiceRegistryImpl.java:254) ~[hibernate-core-5.0.12.Final.jar:5.0.12.Final]
	... 58 common frames omitted

2018-12-05 14:28:37.257 ERROR 3944 --- [           main] o.s.test.context.TestContextManager      : Caught exception while allowing TestExecutionListener [org.springframework.test.context.web.ServletTestExecutionListener@a4102b8] to prepare test instance [com.dxc.ticket.TicketApplicationTests@2b916808]

java.lang.IllegalStateException: Failed to load ApplicationContext
	at org.springframework.test.context.cache.DefaultCacheAwareContextLoaderDelegate.loadContext(DefaultCacheAwareContextLoaderDelegate.java:124) ~[spring-test-4.3.20.RELEASE.jar:4.3.20.RELEASE]
	at org.springframework.test.context.support.DefaultTestContext.getApplicationContext(DefaultTestContext.java:83) ~[spring-test-4.3.20.RELEASE.jar:4.3.20.RELEASE]
	at org.springframework.test.context.web.ServletTestExecutionListener.setUpRequestContextIfNecessary(ServletTestExecutionListener.java:189) ~[spring-test-4.3.20.RELEASE.jar:4.3.20.RELEASE]
	at org.springframework.test.context.web.ServletTestExecutionListener.prepareTestInstance(ServletTestExecutionListener.java:131) ~[spring-test-4.3.20.RELEASE.jar:4.3.20.RELEASE]
	at org.springframework.test.context.TestContextManager.prepareTestInstance(TestContextManager.java:230) ~[spring-test-4.3.20.RELEASE.jar:4.3.20.RELEASE]
	at org.springframework.test.context.junit4.SpringJUnit4ClassRunner.createTest(SpringJUnit4ClassRunner.java:228) [spring-test-4.3.20.RELEASE.jar:4.3.20.RELEASE]
	at org.springframework.test.context.junit4.SpringJUnit4ClassRunner$1.runReflectiveCall(SpringJUnit4ClassRunner.java:287) [spring-test-4.3.20.RELEASE.jar:4.3.20.RELEASE]
	at org.junit.internal.runners.model.ReflectiveCallable.run(ReflectiveCallable.java:12) [junit-4.12.jar:4.12]
	at org.springframework.test.context.junit4.SpringJUnit4ClassRunner.methodBlock(SpringJUnit4ClassRunner.java:289) [spring-test-4.3.20.RELEASE.jar:4.3.20.RELEASE]
	at org.springframework.test.context.junit4.SpringJUnit4ClassRunner.runChild(SpringJUnit4ClassRunner.java:247) [spring-test-4.3.20.RELEASE.jar:4.3.20.RELEASE]
	at org.springframework.test.context.junit4.SpringJUnit4ClassRunner.runChild(SpringJUnit4ClassRunner.java:94) [spring-test-4.3.20.RELEASE.jar:4.3.20.RELEASE]
	at org.junit.runners.ParentRunner$3.run(ParentRunner.java:290) [junit-4.12.jar:4.12]
	at org.junit.runners.ParentRunner$1.schedule(ParentRunner.java:71) [junit-4.12.jar:4.12]
	at org.junit.runners.ParentRunner.runChildren(ParentRunner.java:288) [junit-4.12.jar:4.12]
	at org.junit.runners.ParentRunner.access$000(ParentRunner.java:58) [junit-4.12.jar:4.12]
	at org.junit.runners.ParentRunner$2.evaluate(ParentRunner.java:268) [junit-4.12.jar:4.12]
	at org.springframework.test.context.junit4.statements.RunBeforeTestClassCallbacks.evaluate(RunBeforeTestClassCallbacks.java:61) [spring-test-4.3.20.RELEASE.jar:4.3.20.RELEASE]
	at org.springframework.test.context.junit4.statements.RunAfterTestClassCallbacks.evaluate(RunAfterTestClassCallbacks.java:70) [spring-test-4.3.20.RELEASE.jar:4.3.20.RELEASE]
	at org.junit.runners.ParentRunner.run(ParentRunner.java:363) [junit-4.12.jar:4.12]
	at org.springframework.test.context.junit4.SpringJUnit4ClassRunner.run(SpringJUnit4ClassRunner.java:191) [spring-test-4.3.20.RELEASE.jar:4.3.20.RELEASE]
	at org.apache.maven.surefire.junit4.JUnit4Provider.execute(JUnit4Provider.java:283) [surefire-junit4-2.18.1.jar:2.18.1]
	at org.apache.maven.surefire.junit4.JUnit4Provider.executeWithRerun(JUnit4Provider.java:173) [surefire-junit4-2.18.1.jar:2.18.1]
	at org.apache.maven.surefire.junit4.JUnit4Provider.executeTestSet(JUnit4Provider.java:153) [surefire-junit4-2.18.1.jar:2.18.1]
	at org.apache.maven.surefire.junit4.JUnit4Provider.invoke(JUnit4Provider.java:128) [surefire-junit4-2.18.1.jar:2.18.1]
	at org.apache.maven.surefire.booter.ForkedBooter.invokeProviderInSameClassLoader(ForkedBooter.java:203) [surefire-booter-2.18.1.jar:2.18.1]
	at org.apache.maven.surefire.booter.ForkedBooter.runSuitesInProcess(ForkedBooter.java:155) [surefire-booter-2.18.1.jar:2.18.1]
	at org.apache.maven.surefire.booter.ForkedBooter.main(ForkedBooter.java:103) [surefire-booter-2.18.1.jar:2.18.1]
Caused by: org.springframework.beans.factory.BeanCreationException: Error creating bean with name 'entityManagerFactory' defined in class path resource [org/springframework/boot/autoconfigure/orm/jpa/HibernateJpaAutoConfiguration.class]: Invocation of init method failed; nested exception is org.hibernate.service.spi.ServiceException: Unable to create requested service [org.hibernate.engine.jdbc.env.spi.JdbcEnvironment]
	at org.springframework.beans.factory.support.AbstractAutowireCapableBeanFactory.initializeBean(AbstractAutowireCapableBeanFactory.java:1631) ~[spring-beans-4.3.20.RELEASE.jar:4.3.20.RELEASE]
	at org.springframework.beans.factory.support.AbstractAutowireCapableBeanFactory.doCreateBean(AbstractAutowireCapableBeanFactory.java:553) ~[spring-beans-4.3.20.RELEASE.jar:4.3.20.RELEASE]
	at org.springframework.beans.factory.support.AbstractAutowireCapableBeanFactory.createBean(AbstractAutowireCapableBeanFactory.java:481) ~[spring-beans-4.3.20.RELEASE.jar:4.3.20.RELEASE]
	at org.springframework.beans.factory.support.AbstractBeanFactory$1.getObject(AbstractBeanFactory.java:312) ~[spring-beans-4.3.20.RELEASE.jar:4.3.20.RELEASE]
	at org.springframework.beans.factory.support.DefaultSingletonBeanRegistry.getSingleton(DefaultSingletonBeanRegistry.java:230) ~[spring-beans-4.3.20.RELEASE.jar:4.3.20.RELEASE]
	at org.springframework.beans.factory.support.AbstractBeanFactory.doGetBean(AbstractBeanFactory.java:308) ~[spring-beans-4.3.20.RELEASE.jar:4.3.20.RELEASE]
	at org.springframework.beans.factory.support.AbstractBeanFactory.getBean(AbstractBeanFactory.java:197) ~[spring-beans-4.3.20.RELEASE.jar:4.3.20.RELEASE]
	at org.springframework.context.support.AbstractApplicationContext.getBean(AbstractApplicationContext.java:1080) ~[spring-context-4.3.20.RELEASE.jar:4.3.20.RELEASE]
	at org.springframework.context.support.AbstractApplicationContext.finishBeanFactoryInitialization(AbstractApplicationContext.java:857) ~[spring-context-4.3.20.RELEASE.jar:4.3.20.RELEASE]
	at org.springframework.context.support.AbstractApplicationContext.refresh(AbstractApplicationContext.java:543) ~[spring-context-4.3.20.RELEASE.jar:4.3.20.RELEASE]
	at org.springframework.boot.SpringApplication.refresh(SpringApplication.java:693) ~[spring-boot-1.5.17.RELEASE.jar:1.5.17.RELEASE]
	at org.springframework.boot.SpringApplication.refreshContext(SpringApplication.java:360) ~[spring-boot-1.5.17.RELEASE.jar:1.5.17.RELEASE]
	at org.springframework.boot.SpringApplication.run(SpringApplication.java:303) ~[spring-boot-1.5.17.RELEASE.jar:1.5.17.RELEASE]
	at org.springframework.boot.test.context.SpringBootContextLoader.loadContext(SpringBootContextLoader.java:121) ~[spring-boot-test-1.5.17.RELEASE.jar:1.5.17.RELEASE]
	at org.springframework.test.context.cache.DefaultCacheAwareContextLoaderDelegate.loadContextInternal(DefaultCacheAwareContextLoaderDelegate.java:98) ~[spring-test-4.3.20.RELEASE.jar:4.3.20.RELEASE]
	at org.springframework.test.context.cache.DefaultCacheAwareContextLoaderDelegate.loadContext(DefaultCacheAwareContextLoaderDelegate.java:116) ~[spring-test-4.3.20.RELEASE.jar:4.3.20.RELEASE]
	... 26 common frames omitted
Caused by: org.hibernate.service.spi.ServiceException: Unable to create requested service [org.hibernate.engine.jdbc.env.spi.JdbcEnvironment]
	at org.hibernate.service.internal.AbstractServiceRegistryImpl.createService(AbstractServiceRegistryImpl.java:264) ~[hibernate-core-5.0.12.Final.jar:5.0.12.Final]
	at org.hibernate.service.internal.AbstractServiceRegistryImpl.initializeService(AbstractServiceRegistryImpl.java:228) ~[hibernate-core-5.0.12.Final.jar:5.0.12.Final]
	at org.hibernate.service.internal.AbstractServiceRegistryImpl.getService(AbstractServiceRegistryImpl.java:207) ~[hibernate-core-5.0.12.Final.jar:5.0.12.Final]
	at org.hibernate.engine.jdbc.internal.JdbcServicesImpl.configure(JdbcServicesImpl.java:51) ~[hibernate-core-5.0.12.Final.jar:5.0.12.Final]
	at org.hibernate.boot.registry.internal.StandardServiceRegistryImpl.configureService(StandardServiceRegistryImpl.java:94) ~[hibernate-core-5.0.12.Final.jar:5.0.12.Final]
	at org.hibernate.service.internal.AbstractServiceRegistryImpl.initializeService(AbstractServiceRegistryImpl.java:237) ~[hibernate-core-5.0.12.Final.jar:5.0.12.Final]
	at org.hibernate.service.internal.AbstractServiceRegistryImpl.getService(AbstractServiceRegistryImpl.java:207) ~[hibernate-core-5.0.12.Final.jar:5.0.12.Final]
	at org.hibernate.boot.model.process.spi.MetadataBuildingProcess.handleTypes(MetadataBuildingProcess.java:352) ~[hibernate-core-5.0.12.Final.jar:5.0.12.Final]
	at org.hibernate.boot.model.process.spi.MetadataBuildingProcess.complete(MetadataBuildingProcess.java:111) ~[hibernate-core-5.0.12.Final.jar:5.0.12.Final]
	at org.hibernate.jpa.boot.internal.EntityManagerFactoryBuilderImpl.metadata(EntityManagerFactoryBuilderImpl.java:847) ~[hibernate-entitymanager-5.0.12.Final.jar:5.0.12.Final]
	at org.hibernate.jpa.boot.internal.EntityManagerFactoryBuilderImpl.build(EntityManagerFactoryBuilderImpl.java:874) ~[hibernate-entitymanager-5.0.12.Final.jar:5.0.12.Final]
	at org.springframework.orm.jpa.vendor.SpringHibernateJpaPersistenceProvider.createContainerEntityManagerFactory(SpringHibernateJpaPersistenceProvider.java:60) ~[spring-orm-4.3.20.RELEASE.jar:4.3.20.RELEASE]
	at org.springframework.orm.jpa.LocalContainerEntityManagerFactoryBean.createNativeEntityManagerFactory(LocalContainerEntityManagerFactoryBean.java:360) ~[spring-orm-4.3.20.RELEASE.jar:4.3.20.RELEASE]
	at org.springframework.orm.jpa.AbstractEntityManagerFactoryBean.buildNativeEntityManagerFactory(AbstractEntityManagerFactoryBean.java:384) ~[spring-orm-4.3.20.RELEASE.jar:4.3.20.RELEASE]
	at org.springframework.orm.jpa.AbstractEntityManagerFactoryBean.afterPropertiesSet(AbstractEntityManagerFactoryBean.java:371) ~[spring-orm-4.3.20.RELEASE.jar:4.3.20.RELEASE]
	at org.springframework.orm.jpa.LocalContainerEntityManagerFactoryBean.afterPropertiesSet(LocalContainerEntityManagerFactoryBean.java:336) ~[spring-orm-4.3.20.RELEASE.jar:4.3.20.RELEASE]
	at org.springframework.beans.factory.support.AbstractAutowireCapableBeanFactory.invokeInitMethods(AbstractAutowireCapableBeanFactory.java:1689) ~[spring-beans-4.3.20.RELEASE.jar:4.3.20.RELEASE]
	at org.springframework.beans.factory.support.AbstractAutowireCapableBeanFactory.initializeBean(AbstractAutowireCapableBeanFactory.java:1627) ~[spring-beans-4.3.20.RELEASE.jar:4.3.20.RELEASE]
	... 41 common frames omitted
Caused by: org.hibernate.HibernateException: Access to DialectResolutionInfo cannot be null when 'hibernate.dialect' not set
	at org.hibernate.engine.jdbc.dialect.internal.DialectFactoryImpl.determineDialect(DialectFactoryImpl.java:100) ~[hibernate-core-5.0.12.Final.jar:5.0.12.Final]
	at org.hibernate.engine.jdbc.dialect.internal.DialectFactoryImpl.buildDialect(DialectFactoryImpl.java:54) ~[hibernate-core-5.0.12.Final.jar:5.0.12.Final]
	at org.hibernate.engine.jdbc.env.internal.JdbcEnvironmentInitiator.initiateService(JdbcEnvironmentInitiator.java:137) ~[hibernate-core-5.0.12.Final.jar:5.0.12.Final]
	at org.hibernate.engine.jdbc.env.internal.JdbcEnvironmentInitiator.initiateService(JdbcEnvironmentInitiator.java:35) ~[hibernate-core-5.0.12.Final.jar:5.0.12.Final]
	at org.hibernate.boot.registry.internal.StandardServiceRegistryImpl.initiateService(StandardServiceRegistryImpl.java:88) ~[hibernate-core-5.0.12.Final.jar:5.0.12.Final]
	at org.hibernate.service.internal.AbstractServiceRegistryImpl.createService(AbstractServiceRegistryImpl.java:254) ~[hibernate-core-5.0.12.Final.jar:5.0.12.Final]
	... 58 common frames omitted

]]></system-out>
    <system-err><![CDATA[SLF4J: Class path contains multiple SLF4J bindings.
SLF4J: Found binding in [jar:file:/C:/Users/huynhtrungnghia/.m2/repository/ch/qos/logback/logback-classic/1.1.11/logback-classic-1.1.11.jar!/org/slf4j/impl/StaticLoggerBinder.class]
SLF4J: Found binding in [jar:file:/C:/Users/huynhtrungnghia/.m2/repository/org/slf4j/slf4j-simple/1.7.25/slf4j-simple-1.7.25.jar!/org/slf4j/impl/StaticLoggerBinder.class]
SLF4J: Found binding in [jar:file:/C:/Users/huynhtrungnghia/.m2/repository/org/slf4j/slf4j-nop/1.7.25/slf4j-nop-1.7.25.jar!/org/slf4j/impl/StaticLoggerBinder.class]
SLF4J: Found binding in [jar:file:/C:/Users/huynhtrungnghia/.m2/repository/org/slf4j/slf4j-jdk14/1.7.25/slf4j-jdk14-1.7.25.jar!/org/slf4j/impl/StaticLoggerBinder.class]
SLF4J: See http://www.slf4j.org/codes.html#multiple_bindings for an explanation.
SLF4J: Actual binding is of type [ch.qos.logback.classic.util.ContextSelectorStaticBinder]
Wed Dec 05 14:28:36 ICT 2018 WARN: Establishing SSL connection without server's identity verification is not recommended. According to MySQL 5.5.45+, 5.6.26+ and 5.7.6+ requirements SSL connection must be established by default if explicit option isn't set. For compliance with existing applications not using SSL the verifyServerCertificate property is set to 'false'. You need either to explicitly disable SSL by setting useSSL=false, or set useSSL=true and provide truststore for server certificate verification.
Wed Dec 05 14:28:37 ICT 2018 WARN: Establishing SSL connection without server's identity verification is not recommended. According to MySQL 5.5.45+, 5.6.26+ and 5.7.6+ requirements SSL connection must be established by default if explicit option isn't set. For compliance with existing applications not using SSL the verifyServerCertificate property is set to 'false'. You need either to explicitly disable SSL by setting useSSL=false, or set useSSL=true and provide truststore for server certificate verification.
]]></system-err>
  </testcase>
</testsuite>